\BOOKMARK [0][-]{chapter.1}{\376\377\000I\000n\000t\000r\000o\000d\000u\000z\000i\000o\000n\000e}{}% 1
\BOOKMARK [1][-]{section.1.1}{\376\377\000P\000a\000c\000c\000h\000e\000t\000t\000i\000\040\000e\000\040\000i\000m\000p\000o\000s\000t\000a\000z\000i\000o\000n\000i\000\040\000b\000a\000s\000e}{chapter.1}% 2
\BOOKMARK [2][-]{subsection.1.1.1}{\376\377\000P\000a\000c\000c\000h\000e\000t\000t\000i}{section.1.1}% 3
\BOOKMARK [2][-]{subsection.1.1.2}{\376\377\000F\000u\000n\000z\000i\000o\000n\000e\000\040\000d\000i\000\040\000i\000d\000e\000n\000t\000i\000f\000i\000c\000a\000z\000i\000o\000n\000e\000\040\000d\000i\000\040\000u\000n\000a\000\040\000v\000a\000r\000i\000a\000b\000i\000l\000e}{section.1.1}% 4
\BOOKMARK [2][-]{subsection.1.1.3}{\376\377\000T\000i\000p\000i\000\040\000v\000a\000r\000i\000a\000b\000i\000l\000e}{section.1.1}% 5
\BOOKMARK [2][-]{subsection.1.1.4}{\376\377\000I\000m\000p\000o\000s\000t\000a\000z\000i\000o\000n\000i\000\040\000e\000\040\000f\000o\000r\000m\000a\000t\000i}{section.1.1}% 6
\BOOKMARK [0][-]{chapter.2}{\376\377\000F\000u\000n\000z\000i\000o\000n\000i\000\040\000b\000a\000s\000e}{}% 7
\BOOKMARK [1][-]{section.2.1}{\376\377\000A\000d\000d\000i\000z\000i\000o\000n\000i\000\040\000e\000\040\000s\000o\000t\000t\000r\000a\000z\000i\000o\000n\000i\000\040\000t\000r\000a\000\040\000m\000a\000t\000r\000i\000c\000i}{chapter.2}% 8
\BOOKMARK [2][-]{subsection.2.1.1}{\376\377\000S\000o\000l\000u\000z\000i\000o\000n\000e\000\040\000p\000e\000r\000\040\000O\000c\000t\000a\000v\000e\000\040\000o\000\040\000M\000a\000t\000h\000l\000a\000b}{section.2.1}% 9
\BOOKMARK [1][-]{section.2.2}{\376\377\000D\000e\000t\000e\000r\000m\000i\000n\000a\000n\000t\000e\000\040\000d\000i\000\040\000u\000n\000a\000\040\000m\000a\000t\000r\000i\000c\000e}{chapter.2}% 10
\BOOKMARK [2][-]{subsection.2.2.1}{\376\377\000S\000o\000l\000u\000z\000i\000o\000n\000e\000\040\000p\000e\000r\000\040\000O\000c\000t\000a\000v\000e\000\040\000o\000\040\000M\000a\000t\000h\000l\000a\000b}{section.2.2}% 11
\BOOKMARK [1][-]{section.2.3}{\376\377\000M\000a\000t\000r\000i\000c\000e\000\040\000i\000n\000v\000e\000r\000s\000a}{chapter.2}% 12
\BOOKMARK [1][-]{section.2.4}{\376\377\000D\000i\000a\000g\000o\000n\000a\000l\000e\000\040\000d\000i\000\040\000u\000n\000a\000\040\000m\000a\000t\000r\000i\000c\000e}{chapter.2}% 13
\BOOKMARK [2][-]{subsection.2.4.1}{\376\377\000E\000s\000e\000m\000p\000i\000o\000\040\000i\000n\000\040\000M\000a\000t\000l\000a\000b\000\040\000o\000\040\000O\000c\000t\000a\000v\000e}{section.2.4}% 14
\BOOKMARK [1][-]{section.2.5}{\376\377\000O\000p\000e\000r\000a\000z\000i\000o\000n\000i\000\040\000t\000r\000a\000\040\000v\000e\000t\000t\000o\000r\000i\000\040\000e\000\040\000m\000a\000t\000t\000r\000i\000c\000i}{chapter.2}% 15
\BOOKMARK [2][-]{subsection.2.5.1}{\376\377\000A\000d\000d\000i\000z\000i\000o\000n\000i\000\040\000e\000\040\000s\000o\000t\000t\000r\000a\000z\000i\000o\000n\000i\000\040\000t\000r\000a\000\040\000m\000a\000t\000r\000i\000c\000i}{section.2.5}% 16
\BOOKMARK [2][-]{subsection.2.5.2}{\376\377\000M\000o\000l\000t\000i\000p\000l\000i\000c\000a\000z\000i\000o\000n\000i\000\040\000e\000\040\000d\000i\000v\000i\000s\000i\000o\000n\000i}{section.2.5}% 17
\BOOKMARK [1][-]{section.2.6}{\376\377\000R\000a\000n\000k}{chapter.2}% 18
\BOOKMARK [1][-]{section.2.7}{\376\377\000M\000a\000t\000r\000i\000c\000i\000\040\000T\000r\000a\000s\000p\000o\000s\000t\000e}{chapter.2}% 19
\BOOKMARK [1][-]{section.2.8}{\376\377\000A\000u\000t\000o\000v\000e\000t\000t\000o\000r\000i\000\040\000e\000\040\000a\000u\000t\000o\000v\000a\000l\000o\000r\000i}{chapter.2}% 20
\BOOKMARK [1][-]{section.2.9}{\376\377\000R\000o\000u\000c\000h\000\351\000-\000C\000a\000p\000e\000l\000l\000i}{chapter.2}% 21
\BOOKMARK [2][-]{subsection.2.9.1}{\376\377\000E\000s\000e\000r\000c\000i\000z\000i\000o}{section.2.9}% 22
\BOOKMARK [1][-]{section.2.10}{\376\377\000C\000r\000i\000t\000e\000r\000i\000o\000\040\000d\000i\000\040\000d\000i\000a\000g\000o\000n\000a\000l\000i\000z\000z\000a\000b\000i\000l\000i\000t\000\340}{chapter.2}% 23
