\BOOKMARK [1][-]{section.1}{\376\377\000V\000e\000t\000t\000o\000r\000i}{}% 1
\BOOKMARK [2][-]{subsection.1.1}{\376\377\000T\000r\000i\000a\000n\000g\000o\000l\000o\000\040\000r\000e\000t\000t\000a\000n\000g\000o\000l\000o\000:\000\040\000s\000i\000n\000,\000\040\000c\000o\000s\000\040\000e\000\040\000t\000a\000n}{section.1}% 2
\BOOKMARK [2][-]{subsection.1.2}{\376\377\000T\000e\000o\000r\000e\000m\000a\000\040\000d\000i\000\040\000C\000a\000r\000n\000o\000\040\000s\000u\000i\000\040\000t\000r\000i\000a\000n\000g\000o\000l\000i}{section.1}% 3
\BOOKMARK [2][-]{subsection.1.3}{\376\377\000t\000e\000o\000r\000e\000m\000a\000\040\000d\000e\000i\000\040\000s\000e\000n\000i}{section.1}% 4
\BOOKMARK [2][-]{subsection.1.4}{\376\377\000A\000l\000g\000e\000b\000r\000a\000\040\000v\000e\000t\000t\000o\000r\000i\000a\000l\000e}{section.1}% 5
\BOOKMARK [3][-]{subsubsection.1.4.1}{\376\377\000S\000c\000o\000m\000p\000o\000s\000i\000z\000i\000o\000n\000e\000\040\000d\000i\000\040\000v\000e\000t\000t\000o\000r\000e}{subsection.1.4}% 6
\BOOKMARK [3][-]{subsubsection.1.4.2}{\376\377\000p\000r\000o\000d\000o\000t\000t\000i\000\040\000t\000r\000a\000\040\000d\000u\000e\000\040\000v\000e\000t\000t\000o\000r\000i}{subsection.1.4}% 7
\BOOKMARK [1][-]{section.2}{\376\377\000V\000e\000l\000o\000c\000i\000t\000\340}{}% 8
\BOOKMARK [2][-]{subsection.2.1}{\376\377\000v\000e\000l\000o\000c\000i\000t\000\340\000\040\000m\000e\000d\000i\000a}{section.2}% 9
\BOOKMARK [2][-]{subsection.2.2}{\376\377\000k\000m\000/\000h\000\040\000a\000\040\000m\000/\000s}{section.2}% 10
\BOOKMARK [2][-]{subsection.2.3}{\376\377\000A\000c\000c\000e\000l\000e\000r\000a\000z\000i\000o\000n\000e}{section.2}% 11
\BOOKMARK [2][-]{subsection.2.4}{\376\377\000L\000e\000g\000g\000e\000\040\000o\000r\000a\000r\000i\000a}{section.2}% 12
\BOOKMARK [1][-]{section.3}{\376\377\000M\000o\000t\000i}{}% 13
\BOOKMARK [2][-]{subsection.3.1}{\376\377\000M\000o\000t\000o\000\040\000i\000n\000\040\000c\000a\000d\000u\000t\000a\000\040\000l\000i\000b\000e\000r\000a}{section.3}% 14
\BOOKMARK [2][-]{subsection.3.2}{\376\377\000M\000o\000t\000o\000\040\000o\000r\000i\000z\000z\000o\000n\000t\000a\000l\000e}{section.3}% 15
\BOOKMARK [2][-]{subsection.3.3}{\376\377\000M\000o\000t\000o\000\040\000v\000e\000r\000t\000i\000c\000a\000l\000e}{section.3}% 16
\BOOKMARK [2][-]{subsection.3.4}{\376\377\000E\000q\000u\000a\000z\000i\000o\000n\000e\000\040\000d\000e\000l\000l\000e\000\040\000t\000r\000a\000i\000e\000t\000t\000o\000r\000i\000a}{section.3}% 17
\BOOKMARK [2][-]{subsection.3.5}{\376\377\000L\000a\000\040\000G\000i\000t\000t\000a\000t\000a}{section.3}% 18
\BOOKMARK [2][-]{subsection.3.6}{\376\377\000I\000l\000\040\000m\000o\000t\000o\000\040\000d\000e\000i\000\040\000p\000r\000o\000i\000e\000t\000t\000i\000l\000i}{section.3}% 19
\BOOKMARK [2][-]{subsection.3.7}{\376\377\000M\000o\000t\000o\000\040\000c\000i\000r\000c\000o\000l\000a\000r\000e\000\040\000U\000n\000i\000f\000o\000r\000m\000e}{section.3}% 20
\BOOKMARK [2][-]{subsection.3.8}{\376\377\000M\000o\000t\000o\000\040\000r\000e\000l\000a\000t\000i\000v\000o\000\040\000u\000n\000i\000d\000i\000m\000e\000n\000s\000i\000o\000n\000a\000l\000e}{section.3}% 21
\BOOKMARK [1][-]{section.4}{\376\377\000D\000i\000n\000a\000m\000i\000c\000a}{}% 22
\BOOKMARK [2][-]{subsection.4.1}{\376\377\0002\000a\000\040\000l\000e\000g\000g\000e\000\040\000d\000e\000l\000l\000a\000\040\000d\000i\000n\000a\000m\000i\000c\000a}{section.4}% 23
\BOOKMARK [2][-]{subsection.4.2}{\376\377\0003\000a\000\040\000l\000e\000g\000g\000e\000\040\000d\000e\000l\000l\000a\000\040\000d\000i\000n\000a\000m\000i\000c\000a}{section.4}% 24
\BOOKMARK [2][-]{subsection.4.3}{\376\377\000F\000o\000r\000z\000a\000\040\000p\000e\000s\000o}{section.4}% 25
\BOOKMARK [2][-]{subsection.4.4}{\376\377\000F\000o\000r\000z\000a\000\040\000d\000i\000\040\000a\000t\000t\000r\000i\000t\000o}{section.4}% 26
\BOOKMARK [1][-]{section.5}{\376\377\000L\000a\000v\000o\000r\000o\000\040\000e\000d\000\040\000e\000n\000e\000r\000g\000i\000a\000\040\000c\000i\000n\000e\000t\000i\000c\000a}{}% 27
\BOOKMARK [2][-]{subsection.5.1}{\376\377\000E\000n\000e\000r\000g\000i\000a\000\040\000c\000i\000n\000e\000t\000i\000c\000a}{section.5}% 28
\BOOKMARK [2][-]{subsection.5.2}{\376\377\000E\000n\000e\000r\000g\000i\000a\000\040\000e\000l\000a\000s\000t\000i\000c\000a}{section.5}% 29
\BOOKMARK [2][-]{subsection.5.3}{\376\377\000P\000o\000t\000e\000n\000z\000a}{section.5}% 30
\BOOKMARK [2][-]{subsection.5.4}{\376\377\000E\000n\000e\000r\000g\000i\000a\000\040\000p\000o\000t\000e\000n\000z\000i\000a\000l\000e\000\040\000g\000r\000a\000v\000i\000t\000a\000z\000i\000o\000n\000a\000l\000e}{section.5}% 31
\BOOKMARK [2][-]{subsection.5.5}{\376\377\000C\000o\000n\000s\000e\000r\000v\000a\000z\000i\000o\000n\000e\000\040\000d\000e\000l\000l\000'\000e\000n\000e\000r\000g\000i\000a\000\040\000m\000e\000c\000c\000a\000n\000i\000c\000a}{section.5}% 32
\BOOKMARK [2][-]{subsection.5.6}{\376\377\000C\000o\000n\000s\000e\000r\000v\000a\000z\000i\000o\000n\000e\000\040\000d\000e\000l\000l\000'\000e\000n\000e\000r\000g\000i\000a}{section.5}% 33
\BOOKMARK [1][-]{section.6}{\376\377\000C\000o\000r\000p\000i\000\040\000r\000i\000g\000i\000d\000i\000\040\000e\000\040\000q\000u\000a\000n\000t\000i\000t\000\340\000\040\000d\000i\000\040\000m\000o\000t\000o}{}% 34
\BOOKMARK [2][-]{subsection.6.1}{\376\377\000S\000e\000c\000o\000n\000d\000a\000\040\000l\000e\000g\000g\000e\000\040\000d\000i\000\040\000N\000e\000w\000t\000o\000n}{section.6}% 35
\BOOKMARK [2][-]{subsection.6.2}{\376\377\000Q\000u\000a\000n\000t\000i\000t\000\340\000\040\000d\000i\000\040\000m\000o\000t\000o\000\040\000o\000\040\000M\000o\000m\000e\000n\000t\000o\000\040\000l\000i\000n\000e\000a\000r\000e}{section.6}% 36
\BOOKMARK [2][-]{subsection.6.3}{\376\377\000U\000r\000t\000o\000\040\000e\000\040\000i\000m\000p\000u\000l\000s\000o}{section.6}% 37
\BOOKMARK [2][-]{subsection.6.4}{\376\377\000U\000r\000t\000i\000\040\000a\000n\000e\000l\000a\000s\000t\000i\000c\000i\000\040\000i\000n\000\040\000u\000n\000a\000\040\000d\000i\000m\000e\000n\000s\000i\000o\000n\000e}{section.6}% 38
\BOOKMARK [2][-]{subsection.6.5}{\376\377\000U\000r\000t\000i\000\040\000e\000l\000a\000s\000t\000i\000c\000i\000\040\000i\000n\000\040\000u\000n\000a\000\040\000d\000i\000m\000e\000n\000s\000i\000o\000n\000e}{section.6}% 39
\BOOKMARK [2][-]{subsection.6.6}{\376\377\000U\000r\000t\000i\000\040\000i\000n\000\040\000d\000u\000e\000\040\000d\000i\000m\000e\000n\000s\000i\000o\000n\000i}{section.6}% 40
