\BOOKMARK [1][-]{section.0.1}{Premesse\203}{}% 1
\BOOKMARK [1][-]{section.0.2}{Simboli}{}% 2
\BOOKMARK [-1][-]{part.1}{I Matematica analisi 1 2021/22}{}% 3
\BOOKMARK [0][-]{chapter.1}{Cenni di teoria degli insiemi}{part.1}% 4
\BOOKMARK [1][-]{subsection.1.0.1}{Operazioni tra gli insiemi}{chapter.1}% 5
\BOOKMARK [1][-]{section.1.1}{Sottoinsiemi di R}{chapter.1}% 6
\BOOKMARK [2][-]{subsection.1.1.1}{Definizione}{section.1.1}% 7
\BOOKMARK [1][-]{section.1.2}{Funzione di una variabile}{chapter.1}% 8
\BOOKMARK [2][-]{subsection.1.2.1}{Definizione}{section.1.2}% 9
\BOOKMARK [0][-]{chapter.2}{Studio di funzione}{part.1}% 10
\BOOKMARK [1][-]{section.2.1}{Grafica delle funzioni elementari}{chapter.2}% 11
\BOOKMARK [2][-]{subsection.2.1.1}{Funzione lineare y=mx+qm, qR}{section.2.1}% 12
\BOOKMARK [2][-]{subsection.2.1.2}{Funzione valore assoluto y=|x|}{section.2.1}% 13
\BOOKMARK [2][-]{subsection.2.1.3}{Funzione potenza y=xn,nN, pari}{section.2.1}% 14
\BOOKMARK [2][-]{subsection.2.1.4}{Funzione potenza y=x,R \(ma non razionale\)}{section.2.1}% 15
\BOOKMARK [2][-]{subsection.2.1.5}{Funzione potenziale y=xmn,m, nZ}{section.2.1}% 16
\BOOKMARK [2][-]{subsection.2.1.6}{Funzione logaritmo y=logax}{section.2.1}% 17
\BOOKMARK [2][-]{subsection.2.1.7}{Le coniche: la circonferenza}{section.2.1}% 18
\BOOKMARK [2][-]{subsection.2.1.8}{Le coniche: l'ellisse}{section.2.1}% 19
\BOOKMARK [2][-]{subsection.2.1.9}{Le coniche: iperbole}{section.2.1}% 20
\BOOKMARK [2][-]{subsection.2.1.10}{Le coniche: iperbole equilattera}{section.2.1}% 21
\BOOKMARK [2][-]{subsection.2.1.11}{Le coniche: parabola}{section.2.1}% 22
\BOOKMARK [2][-]{subsection.2.1.12}{Le funzioni trigonometriche}{section.2.1}% 23
\BOOKMARK [2][-]{subsection.2.1.13}{Le funzioni trigonometriche inverse}{section.2.1}% 24
\BOOKMARK [1][-]{section.2.2}{Limiti}{chapter.2}% 25
\BOOKMARK [2][-]{subsection.2.2.1}{Limite di una funzione}{section.2.2}% 26
\BOOKMARK [2][-]{subsection.2.2.2}{Definizione di Limite destro}{section.2.2}% 27
\BOOKMARK [2][-]{subsection.2.2.3}{Definizione di limite sinistro ``da sinistra''}{section.2.2}% 28
\BOOKMARK [2][-]{subsection.2.2.4}{Teorema d'unicit\340 del limite ``da destra''}{section.2.2}% 29
\BOOKMARK [2][-]{subsection.2.2.5}{Teorema \(red algebra dei limiti\)}{section.2.2}% 30
\BOOKMARK [2][-]{subsection.2.2.6}{Convenzioni con }{section.2.2}% 31
\BOOKMARK [2][-]{subsection.2.2.7}{Forme indeterminate}{section.2.2}% 32
\BOOKMARK [2][-]{subsection.2.2.8}{Teorema del confronto}{section.2.2}% 33
\BOOKMARK [2][-]{subsection.2.2.9}{Limite di funzione composta}{section.2.2}% 34
\BOOKMARK [2][-]{subsection.2.2.10}{Limiti Notevoli}{section.2.2}% 35
\BOOKMARK [2][-]{subsection.2.2.11}{Goniometrici}{section.2.2}% 36
\BOOKMARK [2][-]{subsection.2.2.12}{Infinitesimi e infiniti}{section.2.2}% 37
\BOOKMARK [2][-]{subsection.2.2.13}{Funzioni continue}{section.2.2}% 38
\BOOKMARK [2][-]{subsection.2.2.14}{Criteri di invertibilit\340}{section.2.2}% 39
\BOOKMARK [1][-]{section.2.3}{Calcolo differenziale per funzioni di una variabile}{chapter.2}% 40
\BOOKMARK [2][-]{subsection.2.3.1}{Derivata di una funzione}{section.2.3}% 41
\BOOKMARK [2][-]{subsection.2.3.2}{Esercizi retta tangente}{section.2.3}% 42
\BOOKMARK [2][-]{subsection.2.3.3}{Definizione}{section.2.3}% 43
\BOOKMARK [2][-]{subsection.2.3.4}{Continuit\340 e derivabilit\340}{section.2.3}% 44
\BOOKMARK [1][-]{section.2.4}{Punti di non derivabilit\340}{chapter.2}% 45
\BOOKMARK [2][-]{subsection.2.4.1}{Punto angoloso}{section.2.4}% 46
\BOOKMARK [2][-]{subsection.2.4.2}{Punto cuspude}{section.2.4}% 47
\BOOKMARK [2][-]{subsection.2.4.3}{Esempi di derivate}{section.2.4}% 48
\BOOKMARK [2][-]{subsection.2.4.4}{Teorema di derivazione della funzione composta}{section.2.4}% 49
\BOOKMARK [2][-]{subsection.2.4.5}{Teorema di derivazione della funzione inversa}{section.2.4}% 50
\BOOKMARK [2][-]{subsection.2.4.6}{Esercizio}{section.2.4}% 51
\BOOKMARK [2][-]{subsection.2.4.7}{Esercizio}{section.2.4}% 52
\BOOKMARK [2][-]{subsection.2.4.8}{Esercizio}{section.2.4}% 53
\BOOKMARK [1][-]{section.2.5}{Massimo e minimo assoluto}{chapter.2}% 54
\BOOKMARK [1][-]{section.2.6}{Massimo e minimo relativo \(o estremi locali\)}{chapter.2}% 55
\BOOKMARK [2][-]{subsection.2.6.1}{Punti Stazionari}{section.2.6}% 56
\BOOKMARK [1][-]{section.2.7}{Teorema di Fermat}{chapter.2}% 57
\BOOKMARK [1][-]{section.2.8}{Teorema di Rolle}{chapter.2}% 58
\BOOKMARK [2][-]{subsection.2.8.1}{Dimostrazione}{section.2.8}% 59
\BOOKMARK [2][-]{subsection.2.8.2}{Esercizio dimostrativo}{section.2.8}% 60
\BOOKMARK [2][-]{subsection.2.8.3}{Esercizio dimostrativo}{section.2.8}% 61
\BOOKMARK [1][-]{section.2.9}{Teorema di Lagrange \(o del valor medio\)}{chapter.2}% 62
\BOOKMARK [2][-]{subsection.2.9.1}{Esempio}{section.2.9}% 63
\BOOKMARK [2][-]{subsection.2.9.2}{Esercizio dimostrativo}{section.2.9}% 64
\BOOKMARK [2][-]{subsection.2.9.3}{Esercizio dimostrativo}{section.2.9}% 65
\BOOKMARK [1][-]{section.2.10}{Teorema di Cauchy}{chapter.2}% 66
\BOOKMARK [2][-]{subsection.2.10.1}{Dimostrazione}{section.2.10}% 67
\BOOKMARK [1][-]{section.2.11}{Teorema di de l'Hopital}{chapter.2}% 68
\BOOKMARK [1][-]{section.2.12}{Funzioni convesse e concave}{chapter.2}% 69
\BOOKMARK [2][-]{subsection.2.12.1}{Definizione di funziona convessa}{section.2.12}% 70
\BOOKMARK [2][-]{subsection.2.12.2}{Definizione di funziona concave}{section.2.12}% 71
\BOOKMARK [2][-]{subsection.2.12.3}{Derivata seconda}{section.2.12}% 72
\BOOKMARK [2][-]{subsection.2.12.4}{Criterio di convessit\340}{section.2.12}% 73
\BOOKMARK [2][-]{subsection.2.12.5}{Criterio per i punti di massimo e di minimo relativo}{section.2.12}% 74
\BOOKMARK [1][-]{section.2.13}{Punti per lo svolgimento dello studio di funzione}{chapter.2}% 75
\BOOKMARK [2][-]{subsection.2.13.1}{Studio del grafico di f\(x\), Asintoti}{section.2.13}% 76
\BOOKMARK [1][-]{section.2.14}{Approssimazione di funzioni con polinomi}{chapter.2}% 77
\BOOKMARK [2][-]{subsection.2.14.1}{Polinomio di Taylor}{section.2.14}% 78
\BOOKMARK [1][-]{section.2.15}{Calcolo integrale per funzioni di una variabile}{chapter.2}% 79
\BOOKMARK [2][-]{subsection.2.15.1}{Integrale definito}{section.2.15}% 80
\BOOKMARK [2][-]{subsection.2.15.2}{Integrale definito}{section.2.15}% 81
\BOOKMARK [2][-]{subsection.2.15.3}{Integrale definito, interpretazione geometrica}{section.2.15}% 82
\BOOKMARK [2][-]{subsection.2.15.4}{Sviluppo e2x: metodo rapido \(Taylor-McLaurin\)}{section.2.15}% 83
\BOOKMARK [2][-]{subsection.2.15.5}{Sviluppo di ex2 con il metodo Taylor-McLaurin}{section.2.15}% 84
\BOOKMARK [2][-]{subsection.2.15.6}{Integrale definito, classi di funzioni integrali}{section.2.15}% 85
\BOOKMARK [2][-]{subsection.2.15.7}{Integrale definito, propriet\340}{section.2.15}% 86
\BOOKMARK [2][-]{subsection.2.15.8}{Teorema della media integrale}{section.2.15}% 87
\BOOKMARK [2][-]{subsection.2.15.9}{Integrale indefinito}{section.2.15}% 88
\BOOKMARK [2][-]{subsection.2.15.10}{Corollario del Teorema fondamentale del calcolo integrale}{section.2.15}% 89
\BOOKMARK [2][-]{subsection.2.15.11}{Integrali indefiniti immediati}{section.2.15}% 90
\BOOKMARK [2][-]{subsection.2.15.12}{Integrale indefinito, propriet\340}{section.2.15}% 91
\BOOKMARK [2][-]{subsection.2.15.13}{Integrale indefinito}{section.2.15}% 92
\BOOKMARK [2][-]{subsection.2.15.14}{Integrazione per sostituzione}{section.2.15}% 93
\BOOKMARK [2][-]{subsection.2.15.15}{Integrazione per parti}{section.2.15}% 94
\BOOKMARK [2][-]{subsection.2.15.16}{Esercizio di esempio}{section.2.15}% 95
\BOOKMARK [1][-]{section.2.16}{Integrali impropri o generalizzati}{chapter.2}% 96
\BOOKMARK [2][-]{subsection.2.16.1}{Definizione}{section.2.16}% 97
\BOOKMARK [1][-]{section.2.17}{Equazioni differenziali ordinarie}{chapter.2}% 98
\BOOKMARK [2][-]{subsection.2.17.1}{Definizione}{section.2.17}% 99
\BOOKMARK [2][-]{subsection.2.17.2}{Equazioni differenziali a variabili separabili}{section.2.17}% 100
\BOOKMARK [2][-]{subsection.2.17.3}{Teorema}{section.2.17}% 101
\BOOKMARK [2][-]{subsection.2.17.4}{Dimostrazione}{section.2.17}% 102
\BOOKMARK [2][-]{subsection.2.17.5}{Equazione di Bernoulli}{section.2.17}% 103
\BOOKMARK [2][-]{subsection.2.17.6}{Equazione di Clairaut}{section.2.17}% 104
\BOOKMARK [1][-]{section.2.18}{Equazioni differenziali lineari di ordine n}{chapter.2}% 105
\BOOKMARK [2][-]{subsection.2.18.1}{Teorema}{section.2.18}% 106
\BOOKMARK [2][-]{subsection.2.18.2}{Definizione di funzione linearmente indipendente}{section.2.18}% 107
\BOOKMARK [2][-]{subsection.2.18.3}{Metodo della variazione delle costanti arbitrarie \(o di Lagrange\)}{section.2.18}% 108
\BOOKMARK [2][-]{subsection.2.18.4}{Equazioni differenziali lineari, Metodo di Lagrange: esempio}{section.2.18}% 109
\BOOKMARK [1][-]{section.2.19}{Problema di Cauchy}{chapter.2}% 110
\BOOKMARK [2][-]{subsection.2.19.1}{Esempio}{section.2.19}% 111
\BOOKMARK [2][-]{subsection.2.19.2}{Teorema di Peano}{section.2.19}% 112
\BOOKMARK [0][-]{chapter.3}{Successioni numeriche}{part.1}% 113
\BOOKMARK [1][-]{section.3.1}{Definizione}{chapter.3}% 114
\BOOKMARK [1][-]{section.3.2}{Teorema della permanenza del segno}{chapter.3}% 115
\BOOKMARK [1][-]{section.3.3}{Teorema della permanenza del segno}{chapter.3}% 116
\BOOKMARK [1][-]{section.3.4}{Teorema del confronto \(o dei due carabinieri\)}{chapter.3}% 117
\BOOKMARK [1][-]{section.3.5}{Riassunto}{chapter.3}% 118
\BOOKMARK [-1][-]{part.2}{II Esercizi}{}% 119
\BOOKMARK [0][-]{section.3.6}{Introduzione}{part.2}% 120
\BOOKMARK [0][-]{chapter.4}{Soluzioni}{part.2}% 121
\BOOKMARK [1][-]{section.4.1}{Infinitesimi e infiniti}{chapter.4}% 122
\BOOKMARK [2][-]{subsection.4.1.1}{Esercitazione 1}{section.4.1}% 123
\BOOKMARK [2][-]{subsection.4.1.2}{Esercitazione 2}{section.4.1}% 124
\BOOKMARK [2][-]{subsection.4.1.3}{Esercitazione 3}{section.4.1}% 125
\BOOKMARK [1][-]{section.4.2}{Studio di funzione}{chapter.4}% 126
\BOOKMARK [2][-]{subsection.4.2.1}{Esercitazione 1}{section.4.2}% 127
\BOOKMARK [1][-]{section.4.3}{Integrali indefiniti}{chapter.4}% 128
\BOOKMARK [2][-]{subsection.4.3.1}{esercitazione 1}{section.4.3}% 129
\BOOKMARK [2][-]{subsection.4.3.2}{esercitazione 2}{section.4.3}% 130
\BOOKMARK [2][-]{subsection.4.3.3}{esercitazione 3}{section.4.3}% 131
\BOOKMARK [2][-]{subsection.4.3.4}{esercitazione 4}{section.4.3}% 132
\BOOKMARK [2][-]{subsection.4.3.5}{esercitazione 5}{section.4.3}% 133
\BOOKMARK [2][-]{subsection.4.3.6}{esercitazione 6}{section.4.3}% 134
\BOOKMARK [2][-]{subsection.4.3.7}{esercitazione 7}{section.4.3}% 135
\BOOKMARK [2][-]{subsection.4.3.8}{esercitazione 8}{section.4.3}% 136
\BOOKMARK [2][-]{subsection.4.3.9}{esercitazione 9}{section.4.3}% 137
\BOOKMARK [2][-]{subsection.4.3.10}{esercitazione 10}{section.4.3}% 138
\BOOKMARK [2][-]{subsection.4.3.11}{esercitazione 11}{section.4.3}% 139
\BOOKMARK [1][-]{section.4.4}{Integrali definiti}{chapter.4}% 140
\BOOKMARK [2][-]{subsection.4.4.1}{Esercitazione 1}{section.4.4}% 141
\BOOKMARK [2][-]{subsection.4.4.2}{Esercitazione 2}{section.4.4}% 142
\BOOKMARK [1][-]{section.4.5}{Equazioni differenziali}{chapter.4}% 143
\BOOKMARK [2][-]{subsection.4.5.1}{Esercitazione 1}{section.4.5}% 144
