\BOOKMARK [1][-]{section.0.1}{\376\377\000P\000r\000e\000m\000e\000s\000s\000e\040\046}{}% 1
\BOOKMARK [1][-]{section.0.2}{\376\377\000S\000i\000m\000b\000o\000l\000i}{}% 2
\BOOKMARK [-1][-]{part.1}{\376\377\000I\000\040\000f\000i\000s\000i\000c\000a\000\040\0001}{}% 3
\BOOKMARK [0][-]{chapter.1}{\376\377\000G\000r\000a\000n\000d\000e\000z\000z\000e\000\040\000f\000i\000s\000i\000c\000h\000e\000\040\000e\000\040\000u\000n\000i\000t\000\340\000\040\000d\000i\000\040\000m\000i\000s\000u\000r\000a}{part.1}% 4
\BOOKMARK [1][-]{section.1.1}{\376\377\000S\000i\000s\000t\000e\000m\000a\000\040\000i\000n\000t\000e\000r\000n\000a\000z\000i\000o\000n\000a\000l\000e\000\040\000d\000e\000l\000l\000e\000\040\000u\000n\000i\000t\000\340\000\040\000d\000i\000\040\000m\000i\000s\000u\000r\000a}{chapter.1}% 5
\BOOKMARK [0][-]{chapter.2}{\376\377\000L\000'\000E\000n\000e\000r\000g\000i\000a}{part.1}% 6
\BOOKMARK [1][-]{section.2.1}{\376\377\000L\000a\000v\000o\000r\000o}{chapter.2}% 7
\BOOKMARK [2][-]{subsection.2.1.1}{\376\377\000L\000a\000v\000o\000r\000o\000\040\000d\000i\000\040\000p\000i\000\371\000\040\000f\000o\000r\000z\000a\000\040\000c\000o\000s\000t\000a\000n\000t\000i\000\040\000s\000u\000l\000l\000o\000\040\000s\000t\000e\000s\000s\000o\000\040\000c\000o\000r\000p\000o}{section.2.1}% 8
\BOOKMARK [2][-]{subsection.2.1.2}{\376\377\000L\000a\000v\000o\000r\000o\000\040\000d\000i\000\040\000u\000n\000a\000\040\000f\000o\000r\000z\000a\000\040\000v\000a\000r\000i\000a\000b\000i\000l\000e\000\040\000u\000n\000i\000d\000i\000m\000e\000n\000s\000i\000o\000n\000a\000l\000e}{section.2.1}% 9
\BOOKMARK [2][-]{subsection.2.1.3}{\376\377\000T\000e\000o\000r\000e\000m\000a\000\040\000d\000e\000l\000l\040\031\000E\000n\000e\000r\000g\000i\000a\000\040\000C\000i\000n\000e\000t\000i\000c\000a\000\040\000\050\000c\000a\000s\000o\000\040\000u\000n\000i\000d\000i\000m\000e\000n\000s\000i\000o\000n\000a\000l\000e\000\040\000f\000o\000r\000z\000a\000\040\000c\000o\000s\000t\000a\000n\000t\000e\000\051}{section.2.1}% 10
\BOOKMARK [2][-]{subsection.2.1.4}{\376\377\000L\000a\000v\000o\000r\000o\000\040\000d\000i\000\040\000u\000n\000a\000\040\000f\000o\000r\000z\000a\000\040\000v\000a\000r\000i\000a\000b\000i\000l\000e\000\040\000i\000n\000\040\0003\000\040\000d\000i\000m\000e\000n\000s\000i\000o\000n\000i}{section.2.1}% 11
\BOOKMARK [1][-]{section.2.2}{\376\377\000T\000e\000o\000r\000e\000m\000a\000\040\000d\000e\000l\000l\000'\000e\000n\000e\000r\000g\000i\000a\000\040\000c\000i\000n\000e\000t\000i\000c\000a}{chapter.2}% 12
\BOOKMARK [0][-]{chapter.3}{\376\377\000M\000o\000d\000e\000l\000l\000i\000\040\000a\000t\000o\000m\000i\000c\000i}{part.1}% 13
\BOOKMARK [1][-]{section.3.1}{\376\377\000M\000o\000d\000e\000l\000l\000o\000\040\000a\000t\000o\000m\000i\000c\000o\000\040\000d\000i\000\040\000B\000o\000h\000r\000-\000S\000o\000m\000m\000e\000r\000f\000e\000l\000d}{chapter.3}% 14
\BOOKMARK [-1][-]{part.2}{\376\377\000I\000I\000\040\000F\000i\000s\000i\000c\000a\000\040\0002}{}% 15
\BOOKMARK [0][-]{chapter.4}{\376\377\000p\000r\000o\000g\000r\000a\000m\000m\000a}{part.2}% 16
\BOOKMARK [1][-]{section.4.1}{\376\377\000B\000a\000s\000e}{chapter.4}% 17
\BOOKMARK [1][-]{section.4.2}{\376\377\000A\000r\000g\000o\000m\000e\000n\000t\000i\000\040\000a\000g\000g\000i\000u\000n\000t\000i\000v\000i}{chapter.4}% 18
\BOOKMARK [0][-]{chapter.5}{\376\377\000L\000a\000\040\000l\000e\000g\000g\000e\000\040\000d\000i\000\040\000C\000o\000u\000l\000o\000u\000m\000b}{part.2}% 19
\BOOKMARK [1][-]{section.5.1}{\376\377\000I\000n\000t\000r\000o\000d\000u\000z\000i\000o\000n\000e}{chapter.5}% 20
\BOOKMARK [2][-]{subsection.5.1.1}{\376\377\000L\000a\000\040\000c\000a\000r\000i\000c\000a\000\040\000e\000l\000e\000t\000t\000r\000i\000c\000a}{section.5.1}% 21
\BOOKMARK [2][-]{subsection.5.1.2}{\376\377\000C\000a\000r\000i\000c\000a\000\040\000i\000n\000d\000o\000t\000t\000a}{section.5.1}% 22
\BOOKMARK [1][-]{section.5.2}{\376\377\000L\000e\000g\000g\000e\000\040\000d\000i\000\040\000C\000o\000u\000l\000o\000m\000b}{chapter.5}% 23
\BOOKMARK [2][-]{subsection.5.2.1}{\376\377\000U\000n\000i\000t\000\340\000\040\000d\000o\000\040\000m\000i\000s\000u\000r\000a}{section.5.2}% 24
\BOOKMARK [2][-]{subsection.5.2.2}{\376\377\000L\000a\000\040\000c\000o\000s\000t\000a\000n\000t\000e\000\040\000d\000i\000e\000l\000e\000t\000t\000r\000i\000c\000a\000\040\000d\000e\000l\000\040\000v\000u\000o\000t\000o}{section.5.2}% 25
\BOOKMARK [2][-]{subsection.5.2.3}{\376\377\000F\000o\000r\000z\000e\000\040\000m\000u\000l\000t\000i\000p\000l\000e}{section.5.2}% 26
\BOOKMARK [1][-]{section.5.3}{\376\377\000T\000e\000o\000r\000e\000m\000a\000\040\000d\000e\000l\000\040\000g\000u\000s\000c\000i\000o}{chapter.5}% 27
\BOOKMARK [1][-]{section.5.4}{\376\377\000L\000a\000\040\000q\000u\000a\000n\000t\000i\000z\000z\000a\000z\000i\000o\000n\000e\000\040\000d\000e\000l\000l\000a\000\040\000c\000a\000r\000i\000c\000a}{chapter.5}% 28
\BOOKMARK [1][-]{section.5.5}{\376\377\000L\000a\000\040\000c\000o\000n\000s\000e\000r\000v\000a\000z\000i\000o\000n\000e\000\040\000d\000e\000l\000l\000a\000\040\000c\000a\000r\000i\000c\000a}{chapter.5}% 29
\BOOKMARK [1][-]{section.5.6}{\376\377\000V\000e\000r\000i\000f\000i\000c\000a}{chapter.5}% 30
\BOOKMARK [0][-]{chapter.6}{\376\377\000C\000a\000m\000p\000i\000\040\000e\000l\000e\000t\000t\000r\000i\000c\000i}{part.2}% 31
\BOOKMARK [1][-]{section.6.1}{\376\377\000L\000'\000a\000s\000p\000e\000t\000t\000o\000\040\000f\000i\000s\000i\000c\000o}{chapter.6}% 32
\BOOKMARK [1][-]{section.6.2}{\376\377\000I\000l\000\040\000c\000a\000m\000p\000o\000\040\000e\000l\000e\000t\000t\000r\000i\000c\000o}{chapter.6}% 33
\BOOKMARK [1][-]{section.6.3}{\376\377\000L\000i\000n\000e\000e\000\040\000d\000i\000\040\000c\000a\000m\000p\000o\000\040\000e\000l\000e\000t\000t\000r\000i\000c\000o}{chapter.6}% 34
\BOOKMARK [1][-]{section.6.4}{\376\377\000A\000l\000t\000r\000o\000\040\000e\000s\000e\000m\000p\000i\000o\000\040\000d\000e\000l\000l\000e\000\040\000l\000i\000n\000e\000e\000\040\000d\000i\000\040\000c\000a\000m\000p\000o}{chapter.6}% 35
\BOOKMARK [1][-]{section.6.5}{\376\377\000C\000a\000m\000p\000o\000\040\000\040\000d\000i\000\040\000u\000n\000a\000\040\000c\000a\000r\000i\000c\000a\000\040\000p\000u\000n\000t\000i\000f\000o\000r\000m\000e}{chapter.6}% 36
\BOOKMARK [1][-]{section.6.6}{\376\377\000I\000l\000\040\000p\000r\000i\000n\000c\000i\000p\000i\000o\000\040\000d\000i\000\040\000s\000o\000v\000r\000a\000p\000p\000o\000s\000i\000z\000i\000o\000n\000e}{chapter.6}% 37
\BOOKMARK [1][-]{section.6.7}{\376\377\000V\000e\000r\000i\000f\000i\000c\000a}{chapter.6}% 38
\BOOKMARK [2][-]{subsection.6.7.1}{\376\377\000S\000o\000l\000u\000z\000i\000o\000n\000e}{section.6.7}% 39
\BOOKMARK [1][-]{section.6.8}{\376\377\000C\000a\000m\000p\000o\000\040\000\040\000d\000i\000\040\000u\000n\000\040\000d\000i\000p\000o\000l\000o\000\040\000e\000l\000e\000t\000t\000r\000i\000c\000o}{chapter.6}% 40
\BOOKMARK [1][-]{section.6.9}{\376\377\000M\000i\000s\000u\000r\000a\000\040\000d\000e\000l\000l\000a\000\040\000c\000a\000r\000i\000c\000a\000\040\000e\000l\000e\000m\000e\000n\000t\000a\000r\000e}{chapter.6}% 41
\BOOKMARK [2][-]{subsection.6.9.1}{\376\377\000M\000i\000l\000l\000i\000k\000a\000n\000\040\0001\0009\0001\0000}{section.6.9}% 42
\BOOKMARK [1][-]{section.6.10}{\376\377\000P\000r\000o\000d\000o\000t\000t\000o\000\040\000s\000c\000a\000l\000a\000r\000e}{chapter.6}% 43
\BOOKMARK [1][-]{section.6.11}{\376\377\000P\000r\000o\000d\000o\000t\000t\000o\000\040\000v\000e\000t\000t\000o\000r\000i\000a\000l\000e}{chapter.6}% 44
\BOOKMARK [1][-]{section.6.12}{\376\377\000D\000i\000p\000o\000l\000o\000\040\000i\000n\000\040\000u\000n\000\040\000c\000a\000m\000p\000o\000\040\000e\000l\000e\000t\000t\000r\000i\000c\000o}{chapter.6}% 45
\BOOKMARK [1][-]{section.6.13}{\376\377\000E\000n\000e\000r\000g\000i\000a\000\040\000p\000o\000t\000e\000n\000z\000i\000a\000l\000e\000\040\000d\000i\000\040\000u\000n\000\040\000d\000i\000p\000o\000l\000o\000\040\000e\000l\000e\000t\000t\000r\000i\000c\000o}{chapter.6}% 46
\BOOKMARK [1][-]{section.6.14}{\376\377\000P\000r\000o\000b\000l\000e\000m\000a}{chapter.6}% 47
\BOOKMARK [0][-]{chapter.7}{\376\377\000L\000a\000\040\000l\000e\000g\000g\000e\000\040\000d\000i\000\040\000G\000a\000u\000s\000s}{part.2}% 48
\BOOKMARK [1][-]{section.7.1}{\376\377\000L\000'\000a\000s\000p\000e\000t\000t\000o\000\040\000f\000i\000s\000i\000c\000o}{chapter.7}% 49
\BOOKMARK [1][-]{section.7.2}{\376\377\000L\000a\000\040\000s\000u\000p\000e\000r\000f\000i\000c\000i\000e\000\040\000G\000a\000u\000s\000s\000i\000a\000n\000a}{chapter.7}% 50
\BOOKMARK [1][-]{section.7.3}{\376\377\000I\000l\000\040\000f\000l\000u\000s\000s\000o\000\040\000e\000l\000e\000t\000t\000r\000i\000c\000o}{chapter.7}% 51
\BOOKMARK [1][-]{section.7.4}{\376\377\000C\000i\000l\000i\000n\000d\000r\000o\000\040\000i\000n\000\040\000c\000a\000m\000p\000o\000\040\000u\000n\000i\000f\000o\000r\000m\000e}{chapter.7}% 52
\BOOKMARK [1][-]{section.7.5}{\376\377\000L\000a\000\040\000l\000e\000g\000g\000e\000\040\000d\000i\000\040\000G\000a\000u\000s\000s}{chapter.7}% 53
\BOOKMARK [1][-]{section.7.6}{\376\377\000L\000a\000\040\000l\000e\000g\000g\000e\000\040\000d\000i\000\040\000G\000a\000u\000s\000s\000\040\000e\000\040\000d\000i\000\040\000C\000o\000u\000l\000o\000m\000b}{chapter.7}% 54
\BOOKMARK [2][-]{subsection.7.6.1}{\376\377\000P\000r\000o\000b\000l\000e\000m\000a\000\040\000s\000v\000o\000l\000t\000o}{section.7.6}% 55
\BOOKMARK [1][-]{section.7.7}{\376\377\000U\000n\000\040\000c\000o\000n\000d\000u\000t\000t\000o\000r\000e\000\040\000c\000a\000r\000i\000c\000o\000\040\000i\000s\000o\000l\000a\000t\000o}{chapter.7}% 56
\BOOKMARK [2][-]{subsection.7.7.1}{\376\377\000P\000r\000o\000b\000l\000e\000m\000a\000\040\000s\000v\000o\000l\000t\000o}{section.7.7}% 57
\BOOKMARK [1][-]{section.7.8}{\376\377\000G\000a\000u\000s\000s\000\040\000p\000e\000r\000\040\000s\000i\000m\000m\000e\000t\000r\000i\000a\000\040\000c\000i\000l\000i\000d\000r\000i\000c\000a}{chapter.7}% 58
\BOOKMARK [1][-]{section.7.9}{\376\377\000G\000a\000u\000s\000s\000\040\000p\000e\000r\000\040\000s\000i\000m\000m\000e\000t\000r\000i\000a\000\040\000p\000i\000a\000n\000a}{chapter.7}% 59
\BOOKMARK [1][-]{section.7.10}{\376\377\000G\000a\000u\000s\000s\000\040\000p\000e\000r\000\040\000s\000i\000m\000m\000e\000t\000r\000i\000a\000\040\000s\000f\000e\000r\000i\000c\000a}{chapter.7}% 60
\BOOKMARK [0][-]{chapter.8}{\376\377\000P\000o\000t\000e\000n\000z\000i\000a\000l\000e\000\040\000e\000l\000e\000t\000t\000r\000i\000c\000o}{part.2}% 61
\BOOKMARK [1][-]{section.8.1}{\376\377\000L\000'\000a\000s\000p\000e\000t\000t\000o\000\040\000f\000i\000s\000i\000c\000o}{chapter.8}% 62
\BOOKMARK [1][-]{section.8.2}{\376\377\000I\000l\000\040\000p\000o\000t\000e\000n\000z\000i\000a\000l\000e\000\040\000e\000l\000e\000t\000t\000r\000i\000c\000o}{chapter.8}% 63
\BOOKMARK [1][-]{section.8.3}{\376\377\000U\000n\000i\000t\000\340\000\040\000d\000i\000\040\000m\000i\000s\000u\000r\000a}{chapter.8}% 64
\BOOKMARK [1][-]{section.8.4}{\376\377\000I\000l\000\040\000p\000o\000t\000e\000n\000z\000i\000a\000l\000e\000\040\000e\000l\000e\000t\000t\000r\000i\000c\000o}{chapter.8}% 65
\BOOKMARK [1][-]{section.8.5}{\376\377\000S\000u\000p\000e\000r\000f\000i\000c\000i\000\040\000e\000q\000u\000i\000p\000o\000t\000e\000n\000z\000i\000a\000l\000i}{chapter.8}% 66
\BOOKMARK [1][-]{section.8.6}{\376\377\000C\000a\000l\000c\000o\000l\000o\000\040\000d\000e\000l\000\040\000p\000o\000t\000e\000n\000z\000i\000a\000l\000e\000,\000\040\000d\000a\000t\000o\000\040}{chapter.8}% 67
\BOOKMARK [1][-]{section.8.7}{\376\377\000P\000o\000t\000e\000n\000z\000i\000a\000l\000e\000\040\000d\000i\000\040\000u\000n\000a\000\040\000c\000a\000r\000i\000c\000a\000\040\000p\000u\000n\000t\000i\000f\000o\000r\000m\000a}{chapter.8}% 68
\BOOKMARK [1][-]{section.8.8}{\376\377\000I\000n\000s\000i\000e\000m\000e\000\040\000d\000i\000\040\000c\000a\000r\000i\000c\000h\000e\000\040\000p\000u\000n\000t\000i\000f\000o\000r\000m\000i}{chapter.8}% 69
\BOOKMARK [2][-]{subsection.8.8.1}{\376\377\000p\000r\000o\000b\000l\000e\000m\000a}{section.8.8}% 70
\BOOKMARK [1][-]{section.8.9}{\376\377\000P\000o\000t\000e\000n\000z\000i\000a\000l\000e\000\040\000d\000i\000\040\000u\000n\000\040\000d\000i\000p\000o\000l\000o\000\040\000e\000l\000e\000t\000t\000r\000i\000c\000o}{chapter.8}% 71
\BOOKMARK [1][-]{section.8.10}{\376\377\000P\000o\000t\000e\000n\000z\000i\000a\000l\000e\000\040\000d\000i\000\040\000u\000n\000a\000\040\000d\000i\000s\000t\000r\000i\000b\000u\000z\000i\000o\000n\000e\000\040\000c\000o\000n\000t\000i\000t\000u\000a}{chapter.8}% 72
