\BOOKMARK [0][-]{chapter.1}{\376\377\000I\000n\000t\000r\000o\000d\000u\000z\000i\000o\000n\000e}{}% 1
\BOOKMARK [1][-]{section.1.1}{\376\377\000S\000o\000m\000m\000a\000r\000i\000o}{chapter.1}% 2
\BOOKMARK [2][-]{subsection.1.1.1}{\376\377\000A\000l\000c\000u\000n\000e\000\040\000o\000s\000s\000e\000r\000v\000a\000z\000i\000o\000n\000i}{section.1.1}% 3
\BOOKMARK [1][-]{section.1.2}{\376\377\000I\000\040\000s\000e\000g\000n\000a\000l\000i}{chapter.1}% 4
\BOOKMARK [2][-]{subsection.1.2.1}{\376\377\000R\000a\000p\000p\000r\000e\000s\000e\000n\000t\000a\000z\000i\000o\000n\000e\000\040\000d\000e\000l\000l\000'\000i\000n\000f\000o\000r\000m\000a\000z\000i\000o\000n\000e}{section.1.2}% 5
\BOOKMARK [2][-]{subsection.1.2.2}{\376\377\000O\000s\000s\000e\000r\000v\000a\000z\000i\000o\000n\000e}{section.1.2}% 6
\BOOKMARK [2][-]{subsection.1.2.3}{\376\377\000C\000l\000a\000s\000s\000i\000f\000i\000c\000a\000z\000i\000o\000n\000e\000\040\000d\000i\000\040\000s\000e\000g\000n\000a\000l\000i}{section.1.2}% 7
\BOOKMARK [1][-]{section.1.3}{\376\377\000S\000e\000g\000n\000a\000l\000i}{chapter.1}% 8
\BOOKMARK [2][-]{subsection.1.3.1}{\376\377\000S\000e\000g\000n\000a\000l\000i\000\040\000a\000n\000a\000l\000o\000g\000i\000c\000i\000\040}{section.1.3}% 9
\BOOKMARK [2][-]{subsection.1.3.2}{\376\377\000S\000e\000g\000n\000a\000l\000i\000\040\000d\000i\000g\000i\000t\000a\000l\000i}{section.1.3}% 10
\BOOKMARK [2][-]{subsection.1.3.3}{\376\377\000P\000r\000e\000g\000i\000\040\000e\000\040\000d\000i\000f\000e\000t\000t\000i}{section.1.3}% 11
\BOOKMARK [2][-]{subsection.1.3.4}{\376\377\000I\000l\000\040\000b\000i\000n\000a\000r\000i\000o}{section.1.3}% 12
\BOOKMARK [2][-]{subsection.1.3.5}{\376\377\000C\000o\000n\000f\000r\000o\000n\000t\000o}{section.1.3}% 13
\BOOKMARK [1][-]{section.1.4}{\376\377\000S\000i\000s\000t\000e\000m\000i\000\040\000d\000i\000\040\000c\000o\000m\000u\000n\000i\000c\000a\000z\000i\000o\000n\000e}{chapter.1}% 14
\BOOKMARK [2][-]{subsection.1.4.1}{\376\377\000C\000l\000a\000s\000s\000i\000f\000i\000c\000a\000z\000i\000o\000n\000e\000\040\000d\000i\000\040\000s\000i\000s\000t\000e\000m\000i}{section.1.4}% 15
\BOOKMARK [2][-]{subsection.1.4.2}{\376\377\000R\000e\000t\000e\000\040\000d\000i\000\040\000t\000e\000l\000e\000c\000o\000m\000u\000n\000i\000c\000a\000z\000i\000o\000n\000i}{section.1.4}% 16
\BOOKMARK [2][-]{subsection.1.4.3}{\376\377\000C\000l\000a\000s\000s\000i\000f\000i\000c\000a\000z\000i\000o\000n\000e\000\040\000p\000e\000r\000\040\000s\000e\000r\000v\000i\000z\000i}{section.1.4}% 17
\BOOKMARK [2][-]{subsection.1.4.4}{\376\377\000C\000l\000a\000s\000s\000i\000f\000i\000c\000a\000z\000i\000o\000n\000e\000\040\000p\000e\000r\000\040\000m\000o\000b\000i\000l\000i\000t\000\340}{section.1.4}% 18
\BOOKMARK [2][-]{subsection.1.4.5}{\376\377\000C\000l\000a\000s\000s\000i\000f\000i\000c\000a\000z\000i\000o\000n\000e\000\040\000p\000e\000r\000\040\000e\000s\000t\000e\000n\000s\000i\000o\000n\000e}{section.1.4}% 19
\BOOKMARK [2][-]{subsection.1.4.6}{\376\377\000I\000n\000t\000e\000r\000c\000o\000n\000n\000e\000s\000s\000i\000o\000n\000e\000\040\000d\000i\000\040\000r\000e\000t\000i}{section.1.4}% 20
\BOOKMARK [2][-]{subsection.1.4.7}{\376\377\000C\000l\000a\000s\000s\000i\000f\000i\000c\000a\000z\000i\000o\000n\000e\000\040\000p\000e\000r\000\040\000p\000o\000s\000i\000z\000i\000o\000n\000e}{section.1.4}% 21
\BOOKMARK [2][-]{subsection.1.4.8}{\376\377\000S\000o\000g\000g\000e\000t\000t\000i\000\040\000i\000m\000p\000l\000i\000c\000a\000t\000i}{section.1.4}% 22
\BOOKMARK [2][-]{subsection.1.4.9}{\376\377\000T\000e\000o\000r\000i\000a\000\040\000d\000e\000i\000\040\000g\000r\000a\000f\000i}{section.1.4}% 23
\BOOKMARK [0][-]{chapter.2}{\376\377\000L\000i\000v\000e\000l\000l\000i\000\040\000a\000r\000c\000h\000i\000t\000e\000t\000t\000u\000r\000a\000l\000i\000\040\000b\000a\000s\000s\000i}{}% 24
\BOOKMARK [1][-]{section.2.1}{\376\377\000G\000e\000s\000t\000i\000o\000n\000e\000\040\000d\000e\000g\000l\000i\000\040\000e\000r\000r\000o\000r\000i}{chapter.2}% 25
\BOOKMARK [2][-]{subsection.2.1.1}{\376\377\000R\000i\000v\000e\000l\000a\000z\000i\000o\000n\000e\000\040\000d\000i\000\040\000e\000r\000r\000o\000r\000e}{section.2.1}% 26
\BOOKMARK [2][-]{subsection.2.1.2}{\376\377\000C\000o\000n\000t\000r\000o\000l\000l\000o\000\040\000d\000i\000\040\000p\000a\000r\000i\000t\000\340}{section.2.1}% 27
\BOOKMARK [0][-]{chapter.3}{\376\377\000R\000e\000t\000i\000\040\000i\000n\000\040\000a\000r\000e\000a\000\040\000L\000o\000c\000a\000l\000e\000\040\000e\000\040\000g\000e\000o\000g\000r\000a\000f\000i\000c\000a}{}% 28
\BOOKMARK [1][-]{section.3.1}{\376\377\000R\000e\000t\000i\000\040\000i\000n\000\040\000a\000r\000e\000a\000\040\000l\000o\000c\000a\000l\000e}{chapter.3}% 29
\BOOKMARK [1][-]{section.3.2}{\376\377\000I\000l\000\040\000m\000o\000d\000e\000l\000l\000o\000\040\000I\000E\000E\000E\000\040\0008\0000\0002}{chapter.3}% 30
\BOOKMARK [2][-]{subsection.3.2.1}{\376\377\000I\000E\000E\000E\000\040\0008\0000\0002\000.\0003\000:\000\040\000E\000t\000h\000e\000r\000n\000e\000t}{section.3.2}% 31
\BOOKMARK [2][-]{subsection.3.2.2}{\376\377\000L\000i\000v\000e\000l\000l\000o\000\040\000f\000i\000s\000i\000c\000o}{section.3.2}% 32
\BOOKMARK [2][-]{subsection.3.2.3}{\376\377\000C\000a\000b\000l\000a\000g\000g\000i}{section.3.2}% 33
\BOOKMARK [2][-]{subsection.3.2.4}{\376\377\000C\000a\000b\000l\000a\000g\000g\000i\000\040\000a\000\040\000c\000o\000p\000p\000i\000e\000\040\000s\000i\000m\000m\000e\000t\000r\000i\000c\000h\000e}{section.3.2}% 34
\BOOKMARK [2][-]{subsection.3.2.5}{\376\377\000R\000e\000p\000e\000a\000t\000e\000r\000\040\000\050\000h\000u\000b\000\051}{section.3.2}% 35
\BOOKMARK [2][-]{subsection.3.2.6}{\376\377\000B\000r\000i\000d\000g\000e\000/\000s\000w\000i\000t\000c\000h}{section.3.2}% 36
\BOOKMARK [2][-]{subsection.3.2.7}{\376\377\000L\000a\000\040\000d\000i\000f\000f\000e\000r\000e\000n\000z\000a\000\040\000t\000r\000a\000\040\000H\000U\000B\000\040\000e\000\040\000S\000w\000i\000t\000c\000h}{section.3.2}% 37
\BOOKMARK [2][-]{subsection.3.2.8}{\376\377\000D\000o\000m\000i\000n\000i\000\040\000d\000i\000\040\000c\000o\000l\000l\000i\000s\000i\000o\000n\000e}{section.3.2}% 38
\BOOKMARK [2][-]{subsection.3.2.9}{\376\377\000L\000i\000v\000e\000l\000l\000o\000\040\000D\000L\000:\000\040\000I\000n\000d\000i\000r\000i\000z\000z\000a\000m\000e\000n\000t\000o}{section.3.2}% 39
\BOOKMARK [2][-]{subsection.3.2.10}{\376\377\000L\000i\000v\000e\000l\000l\000o\000\040\000D\000L\000:\000\040\000P\000a\000c\000c\000h\000e\000t\000t\000i}{section.3.2}% 40
\BOOKMARK [2][-]{subsection.3.2.11}{\376\377\000P\000r\000o\000c\000e\000d\000u\000r\000a\000\040\000d\000i\000\040\000e\000m\000i\000s\000s\000i\000o\000n\000e\000/\000r\000i\000c\000e\000z\000i\000o\000n\000e}{section.3.2}% 41
\BOOKMARK [0][-]{chapter.4}{\376\377\000A\000p\000p\000l\000i\000c\000a\000z\000i\000o\000n\000e\000\040\000d\000e\000l\000l\000e\000\040\000r\000e\000t\000i}{}% 42
