\BOOKMARK [0][-]{chapter.1}{\376\377\000I\000n\000t\000r\000o\000d\000u\000z\000i\000o\000n\000e}{}% 1
\BOOKMARK [1][-]{section.1.1}{\376\377\000A\000r\000g\000o\000m\000e\000n\000t\000i}{chapter.1}% 2
\BOOKMARK [1][-]{section.1.2}{\376\377\000C\000o\000s\000a\000\040\000b\000i\000s\000o\000g\000n\000a\000\040\000s\000a\000p\000e\000r\000e\000\040\000s\000u\000l\000l\000a\000\040\000r\000a\000p\000r\000e\000s\000e\000n\000t\000a\000z\000i\000o\000n\000e\000\040\000r\000a\000s\000t\000e\000r\000\040\000d\000e\000l\000l\000e\000\040\000i\000m\000m\000a\000g\000i\000n\000i}{chapter.1}% 3
\BOOKMARK [2][-]{subsection.1.2.1}{\376\377\000I\000\040\000p\000i\000x\000e\000l}{section.1.2}% 4
\BOOKMARK [2][-]{subsection.1.2.2}{\376\377\000L\000a\000\040\000s\000c\000a\000l\000a\000b\000i\000l\000i\000t\000\340\000\040\000d\000i\000\040\000u\000n\000a\000\040\000i\000m\000m\000a\000g\000i\000n\000e}{section.1.2}% 5
\BOOKMARK [1][-]{section.1.3}{\376\377\000P\000a\000r\000e\000i\000d\000o\000l\000i\000a\000\040\000e\000\040\000i\000l\000l\000u\000s\000i\000o\000n\000i\000\040\000v\000i\000s\000i\000v\000e}{chapter.1}% 6
\BOOKMARK [1][-]{section.1.4}{\376\377\000A\000m\000b\000i\000t\000i\000\040\000i\000n\000\040\000c\000u\000i\000\040\000p\000u\000\362\000\040\000e\000s\000s\000e\000r\000e\000\040\000u\000t\000i\000l\000i\000z\000z\000a\000t\000a\000\040\000l\000'\000e\000l\000a\000b\000o\000r\000a\000z\000i\000o\000n\000e\000\040\000d\000i\000g\000i\000t\000a\000l\000e\000\040\000d\000e\000l\000l\000e\000\040\000i\000m\000m\000a\000g\000i\000n\000i\000?}{chapter.1}% 7
\BOOKMARK [0][-]{chapter.2}{\376\377\000P\000r\000o\000p\000r\000i\000e\000t\000\340\000\040\000d\000e\000l\000l\000e\000\040\000i\000m\000m\000a\000g\000i\000n\000i\000\040\000d\000i\000g\000i\000t\000a\000l\000i}{}% 8
\BOOKMARK [1][-]{section.2.1}{\376\377\000N\000e\000i\000g\000h\000b\000o\000r\000h\000o\000o\000d}{chapter.2}% 9
\BOOKMARK [2][-]{subsection.2.1.1}{\376\377\000A\000d\000j\000a\000c\000e\000n\000c\000y\000\040\000\050\000A\000d\000i\000a\000c\000e\000n\000z\000a\000\051}{section.2.1}% 10
\BOOKMARK [2][-]{subsection.2.1.2}{\376\377\000P\000a\000t\000h\000\040\000b\000e\000t\000w\000e\000e\000n\000\040\000p\000i\000x\000e\000l\000s}{section.2.1}% 11
\BOOKMARK [2][-]{subsection.2.1.3}{\376\377\000C\000o\000n\000n\000e\000c\000t\000i\000v\000i\000t\000y}{section.2.1}% 12
\BOOKMARK [2][-]{subsection.2.1.4}{\376\377\000R\000e\000g\000i\000o\000n}{section.2.1}% 13
\BOOKMARK [2][-]{subsection.2.1.5}{\376\377\000E\000d\000g\000e}{section.2.1}% 14
\BOOKMARK [1][-]{section.2.2}{\376\377\000C\000r\000e\000a\000z\000i\000o\000n\000e\000\040\000d\000i\000\040\000u\000n\000a\000\040\000i\000m\000m\000a\000g\000i\000n\000e\000\040\000d\000i\000g\000i\000t\000a\000l\000e}{chapter.2}% 15
\BOOKMARK [2][-]{subsection.2.2.1}{\376\377\000T\000i\000p\000o\000\040\000d\000i\000\040\000i\000m\000m\000a\000g\000i\000n\000e}{section.2.2}% 16
\BOOKMARK [2][-]{subsection.2.2.2}{\376\377\000R\000a\000p\000p\000r\000e\000s\000e\000n\000t\000a\000z\000i\000o\000n\000e\000\040\000d\000i\000\040\000i\000m\000m\000a\000g\000i\000n\000e}{section.2.2}% 17
\BOOKMARK [1][-]{section.2.3}{\376\377\000S\000t\000r\000u\000t\000t\000u\000r\000e\000\040\000d\000a\000t\000i}{chapter.2}% 18
\BOOKMARK [2][-]{subsection.2.3.1}{\376\377\000M\000a\000t\000r\000i\000c\000e}{section.2.3}% 19
\BOOKMARK [2][-]{subsection.2.3.2}{\376\377\000V\000e\000t\000t\000o\000r\000e}{section.2.3}% 20
\BOOKMARK [2][-]{subsection.2.3.3}{\376\377\000T\000o\000p\000o\000l\000o\000g\000i\000e}{section.2.3}% 21
\BOOKMARK [2][-]{subsection.2.3.4}{\376\377\000G\000e\000r\000a\000r\000c\000h\000i\000c\000o}{section.2.3}% 22
\BOOKMARK [2][-]{subsection.2.3.5}{\376\377\000P\000i\000r\000a\000m\000i\000d\000a\000l\000e\000\040\000\050\000p\000y\000r\000a\000m\000i\000d\000s\000\051}{section.2.3}% 23
\BOOKMARK [2][-]{subsection.2.3.6}{\376\377\000H\000i\000s\000t\000o\000g\000r\000a\000m\000\040\000\050\000I\000s\000t\000o\000g\000r\000a\000m\000m\000a\000\051}{section.2.3}% 24
\BOOKMARK [2][-]{subsection.2.3.7}{\376\377\000C\000o\000n\000t\000r\000a\000s\000t\000o}{section.2.3}% 25
\BOOKMARK [2][-]{subsection.2.3.8}{\376\377\000C\000o\000n\000t\000r\000a\000s\000t\000\040\000S\000t\000r\000e\000t\000c\000h\000i\000n\000g}{section.2.3}% 26
\BOOKMARK [2][-]{subsection.2.3.9}{\376\377\000C\000o\000n\000t\000r\000a\000s\000t\000\040\000e\000x\000p\000a\000n\000s\000i\000o\000n}{section.2.3}% 27
\BOOKMARK [2][-]{subsection.2.3.10}{\376\377\000E\000q\000u\000a\000z\000i\000o\000n\000e\000\040\000i\000s\000t\000o\000g\000r\000a\000m\000m\000a}{section.2.3}% 28
\BOOKMARK [0][-]{chapter.3}{\376\377\000F\000i\000l\000t\000r\000i\000\040\000n\000e\000l\000\040\000d\000o\000m\000i\000n\000i\000o\000\040\000s\000p\000a\000z\000i\000a\000l\000e\000\040\000e\000\040\000d\000e\000l\000l\000a\000\040\000f\000r\000e\000q\000u\000e\000n\000z\000a}{}% 29
\BOOKMARK [1][-]{section.3.1}{\376\377\000Q\000u\000a\000l\000i\000t\000\340\000\040\000d\000e\000l\000l\000'\000i\000m\000m\000a\000g\000i\000n\000e}{chapter.3}% 30
\BOOKMARK [1][-]{section.3.2}{\376\377\000N\000i\000t\000i\000d\000e\000z\000z\000a}{chapter.3}% 31
\BOOKMARK [2][-]{subsection.3.2.1}{\376\377\000C\000o\000n\000t\000r\000a\000s\000t\000o}{section.3.2}% 32
\BOOKMARK [2][-]{subsection.3.2.2}{\376\377\000N\000o\000i\000s\000e\000\040\000\050\000r\000u\000m\000o\000r\000e\000\051}{section.3.2}% 33
