\BOOKMARK [0][-]{chapter.1}{\376\377\000C\000i\000n\000e\000m\000a\000t\000i\000c\000a}{}% 1
\BOOKMARK [1][-]{section.1.1}{\376\377\000M\000o\000t\000o\000\040\000u\000n\000i\000f\000o\000r\000m\000e\000m\000e\000n\000t\000e\000\040\000a\000c\000c\000e\000l\000e\000r\000a\000t\000o}{chapter.1}% 2
\BOOKMARK [2][-]{subsection.1.1.1}{\376\377\000S\000e\000g\000m\000e\000n\000t\000o\000\040\000p\000e\000r\000c\000o\000r\000s\000o\000\040\000s\000\040\000d\000o\000p\000o\000\040\000i\000l\000\040\000t\000e\000m\000p\000o\000\040\000t}{section.1.1}% 3
\BOOKMARK [2][-]{subsection.1.1.2}{\376\377\000C\000o\000r\000p\000o\000\040\000c\000h\000e\000\040\000c\000a\000d\000e}{section.1.1}% 4
\BOOKMARK [2][-]{subsection.1.1.3}{\376\377\000C\000a\000d\000u\000t\000a\000\040\000d\000a\000\040\000h\0000\000\040\000c\000o\000n\000\040\000v\000e\000l\000o\000c\000i\000t\000\340\000\040\000i\000n\000i\000z\000i\000a\000l\000e\000\040\000n\000u\000l\000l\000a}{section.1.1}% 5
\BOOKMARK [2][-]{subsection.1.1.4}{\376\377\000L\000a\000n\000c\000i\000o\000\040\000v\000e\000r\000s\000o\000\040\000l\000'\000a\000l\000t\000o}{section.1.1}% 6
\BOOKMARK [1][-]{section.1.2}{\376\377\000M\000o\000t\000o\000\040\000c\000i\000r\000c\000o\000l\000a\000r\000e\000\040\000u\000n\000i\000c\000o\000r\000m\000e}{chapter.1}% 7
\BOOKMARK [2][-]{subsection.1.2.1}{\376\377\000E\000n\000e\000r\000g\000i\000a\000\040\000c\000i\000n\000e\000t\000i\000c\000a\000\040\000t\000o\000t\000a\000l\000e}{section.1.2}% 8
\BOOKMARK [2][-]{subsection.1.2.2}{\376\377\000F\000o\000r\000z\000a\000\040\000c\000e\000n\000t\000r\000i\000p\000e\000t\000a\000\040\000e\000\040\000c\000e\000n\000t\000r\000i\000f\000u\000g\000a}{section.1.2}% 9
\BOOKMARK [1][-]{section.1.3}{\376\377\000S\000o\000m\000m\000a\000\040\000d\000e\000i\000\040\000v\000e\000t\000t\000o\000r\000i}{chapter.1}% 10
\BOOKMARK [1][-]{section.1.4}{\376\377\000P\000r\000o\000d\000o\000t\000t\000o\000\040\000t\000r\000a\000\040\000v\000e\000t\000t\000o\000r\000i}{chapter.1}% 11
\BOOKMARK [2][-]{subsection.1.4.1}{\376\377\000S\000c\000a\000l\000a\000r\000e}{section.1.4}% 12
\BOOKMARK [2][-]{subsection.1.4.2}{\376\377\000V\000e\000t\000t\000o\000r\000i\000a\000l\000e}{section.1.4}% 13
\BOOKMARK [1][-]{section.1.5}{\376\377\000M\000o\000t\000o\000\040\000c\000o\000n\000\040\000a\000c\000c\000e\000l\000e\000r\000a\000z\000i\000o\000n\000e\000\040\000v\000a\000r\000i\000a\000b\000i\000l\000e}{chapter.1}% 14
\BOOKMARK [2][-]{subsection.1.5.1}{\376\377\000V\000e\000l\000o\000c\000i\000t\000\340\000\040\000d\000o\000p\000o\000\040\000u\000n\000\040\000t\000e\000m\000p\000o\000\040\000t}{section.1.5}% 15
\BOOKMARK [2][-]{subsection.1.5.2}{\376\377\000F\000o\000r\000z\000a\000\040\000d\000i\000\040\000a\000t\000t\000r\000i\000t\000o}{section.1.5}% 16
\BOOKMARK [0][-]{chapter.2}{\376\377\000D\000i\000n\000a\000m\000i\000c\000a}{}% 17
\BOOKMARK [1][-]{section.2.1}{\376\377\000L\000a\000v\000o\000r\000a}{chapter.2}% 18
\BOOKMARK [2][-]{subsection.2.1.1}{\376\377\000F\000o\000r\000z\000a\000\040\000c\000o\000s\000t\000a\000n\000t\000e}{section.2.1}% 19
\BOOKMARK [2][-]{subsection.2.1.2}{\376\377\000F\000o\000r\000z\000a\000\040\000v\000a\000r\000i\000a\000b\000i\000l\000e}{section.2.1}% 20
\BOOKMARK [2][-]{subsection.2.1.3}{\376\377\000L\000a\000v\000o\000r\000o\000\040\000i\000s\000t\000a\000n\000t\000a\000n\000e\000o}{section.2.1}% 21
\BOOKMARK [1][-]{section.2.2}{\376\377\000P\000o\000t\000e\000n\000z\000a}{chapter.2}% 22
\BOOKMARK [1][-]{section.2.3}{\376\377\000E\000n\000e\000r\000g\000i\000a\000\040\000c\000i\000n\000e\000t\000i\000c\000a}{chapter.2}% 23
\BOOKMARK [2][-]{subsection.2.3.1}{\376\377\000T\000e\000o\000r\000e\000m\000a\000\040\000L\000a\000v\000o\000r\000o\000-\000E\000n\000e\000r\000g\000i\000a}{section.2.3}% 24
\BOOKMARK [2][-]{subsection.2.3.2}{\376\377\000F\000o\000r\000z\000e\000\040\000c\000o\000n\000s\000e\000r\000v\000a\000t\000i\000v\000e\000\040\000e\000\040\000n\000o\000n\000\040\000c\000o\000n\000s\000e\000r\000v\000a\000t\000i\000v\000e}{section.2.3}% 25
\BOOKMARK [1][-]{section.2.4}{\376\377\000E\000n\000e\000r\000g\000i\000a\000\040\000P\000o\000t\000e\000n\000z\000i\000a\000l\000e}{chapter.2}% 26
\BOOKMARK [1][-]{section.2.5}{\376\377\000E\000n\000e\000r\000g\000i\000a\000\040\000m\000e\000c\000c\000a\000n\000i\000c\000a}{chapter.2}% 27
\BOOKMARK [2][-]{subsection.2.5.1}{\376\377\000L\000e\000g\000g\000e\000\040\000d\000i\000\040\000c\000o\000n\000s\000e\000r\000v\000a\000z\000i\000o\000n\000e\000\040\000d\000e\000l\000l\000'\000e\000n\000e\000r\000g\000i\000a\000\040\000m\000e\000c\000c\000a\000n\000i\000c\000a}{section.2.5}% 28
\BOOKMARK [2][-]{subsection.2.5.2}{\376\377\000E\000n\000e\000r\000g\000i\000a\000\040\000p\000o\000t\000e\000n\000z\000i\000a\000l\000e\000\040\000g\000r\000a\000v\000i\000t\000a\000z\000i\000o\000n\000a\000l\000e}{section.2.5}% 29
\BOOKMARK [2][-]{subsection.2.5.3}{\376\377\000E\000n\000e\000r\000g\000i\000a\000\040\000p\000o\000t\000e\000n\000z\000i\000a\000l\000e\000\040\000e\000l\000a\000s\000t\000i\000c\000a}{section.2.5}% 30
\BOOKMARK [2][-]{subsection.2.5.4}{\376\377\000F\000o\000r\000z\000a\000\040\000n\000o\000n\000\040\000c\000o\000n\000s\000e\000r\000v\000a\000t\000i\000v\000e}{section.2.5}% 31
\BOOKMARK [2][-]{subsection.2.5.5}{\376\377\000L\000e\000g\000g\000e\000\040\000d\000i\000\040\000c\000o\000n\000s\000e\000r\000v\000a\000z\000i\000o\000n\000e\000\040\000d\000e\000l\000l\000'\000e\000n\000e\000r\000g\000i\000a}{section.2.5}% 32
\BOOKMARK [2][-]{subsection.2.5.6}{\376\377\000C\000e\000n\000t\000r\000o\000\040\000d\000i\000\040\000m\000a\000s\000s\000a}{section.2.5}% 33
\BOOKMARK [2][-]{subsection.2.5.7}{\376\377\000Q\000u\000a\000n\000t\000i\000t\000\340\000\040\000d\000i\000\040\000m\000o\000t\000o}{section.2.5}% 34
\BOOKMARK [2][-]{subsection.2.5.8}{\376\377\000T\000e\000o\000r\000e\000m\000a\000\040\000d\000e\000l\000l\000'\000i\000m\000p\000u\000l\000s\000o\000\040\040\023\000\040\000q\000u\000a\000n\000t\000i\000t\000\340\000\040\000d\000i\000\040\000m\000o\000t\000o}{section.2.5}% 35
\BOOKMARK [2][-]{subsection.2.5.9}{\376\377\000U\000r\000t\000o\000\040\000e\000l\000a\000s\000t\000i\000c\000o\000\040\000a\000\040\0002\000\040\000d\000i\000m\000e\000n\000s\000i\000o\000n\000i}{section.2.5}% 36
\BOOKMARK [1][-]{section.2.6}{\376\377\000M\000o\000t\000o\000\040\000r\000o\000t\000a\000t\000o\000r\000i\000o}{chapter.2}% 37
\BOOKMARK [2][-]{subsection.2.6.1}{\376\377\000M\000i\000s\000u\000r\000a\000\040\000a\000n\000g\000o\000l\000o\000\040\000i\000n\000\040\000r\000a\000d\000i\000a\000n\000t\000i}{section.2.6}% 38
\BOOKMARK [2][-]{subsection.2.6.2}{\376\377\000V\000e\000l\000o\000c\000i\000t\000\340\000\040\000a\000n\000g\000o\000l\000a\000r\000e\000\040\000m\000e\000d\000i\000a}{section.2.6}% 39
\BOOKMARK [2][-]{subsection.2.6.3}{\376\377\000V\000e\000l\000o\000c\000i\000t\000\340\000\040\000a\000n\000g\000o\000l\000a\000r\000e\000\040\000i\000s\000t\000a\000n\000t\000a\000n\000e\000a}{section.2.6}% 40
\BOOKMARK [2][-]{subsection.2.6.4}{\376\377\000A\000c\000c\000e\000l\000e\000r\000a\000z\000i\000o\000n\000e\000\040\000a\000n\000g\000o\000l\000a\000r\000e\000\040\000m\000e\000d\000i\000a}{section.2.6}% 41
\BOOKMARK [2][-]{subsection.2.6.5}{\376\377\000M\000o\000t\000o\000\040\000c\000o\000n\000\040\000a\000c\000c\000e\000l\000e\000r\000a\000z\000i\000o\000n\000e\000\040\000a\000n\000g\000o\000l\000a\000r\000e\000\040\000c\000o\000s\000t\000a\000n\000t\000e}{section.2.6}% 42
\BOOKMARK [2][-]{subsection.2.6.6}{\376\377\000V\000e\000l\000o\000c\000i\000t\000\340\000\040\000l\000i\000n\000e\000a\000r\000e\000\040\000d\000i\000\040\000p\000a\000r\000t\000i\000c\000e\000l\000l\000a\000\040\000p\000a\000r\000t\000e\000\040\000d\000i\000\040\000u\000n\000\040\000c\000o\000r\000p\000o\000\040\000r\000i\000g\000i\000d\000o}{section.2.6}% 43
\BOOKMARK [2][-]{subsection.2.6.7}{\376\377\000A\000c\000c\000e\000l\000e\000r\000a\000z\000i\000o\000n\000e\000\040\000l\000i\000n\000e\000a\000r\000e\000\040\000d\000i\000\040\000p\000a\000r\000t\000i\000c\000e\000l\000l\000a\000\040\000p\000a\000r\000t\000e\000\040\000d\000i\000\040\000u\000n\000\040\000c\000o\000r\000p\000o\000\040\000r\000i\000g\000i\000d\000o}{section.2.6}% 44
\BOOKMARK [2][-]{subsection.2.6.8}{\376\377\000M\000o\000m\000e\000n\000t\000o\000\040\000d\000i\000\040\000i\000n\000e\000r\000z\000i\000a\000\040\000d\000e\000l\000\040\000c\000o\000r\000p\000o\000\040\000r\000i\000g\000i\000d\000o}{section.2.6}% 45
\BOOKMARK [2][-]{subsection.2.6.9}{\376\377\000E\000n\000e\000r\000g\000i\000a\000\040\000c\000i\000n\000e\000t\000i\000c\000a\000\040\000d\000i\000\040\000u\000n\000\040\000c\000o\000r\000p\000o\000\040\000i\000n\000\040\000r\000o\000t\000a\000z\000i\000o\000n\000e}{section.2.6}% 46
\BOOKMARK [2][-]{subsection.2.6.10}{\376\377\000M\000o\000m\000e\000n\000t\000o\000\040\000d\000e\000l\000l\000a\000\040\000f\000o\000r\000z\000a}{section.2.6}% 47
\BOOKMARK [2][-]{subsection.2.6.11}{\376\377\000M\000o\000m\000e\000n\000t\000o\000\040\000d\000i\000\040\000u\000n\000\040\000p\000a\000r\000t\000i\000c\000e\000l\000l\000a}{section.2.6}% 48
\BOOKMARK [2][-]{subsection.2.6.12}{\376\377\000M\000o\000m\000e\000n\000t\000i\000\040\000d\000i\000\040\000i\000n\000e\000r\000z\000i\000a\000\040\000d\000a\000\040\000r\000i\000c\000o\000r\000d\000a\000r\000e}{section.2.6}% 49
\BOOKMARK [1][-]{section.2.7}{\376\377\000E\000q\000u\000a\000z\000i\000o\000n\000e\000\040\000d\000e\000l\000\040\000m\000o\000t\000o\000\040\000d\000i\000\040\000u\000n\000\040\000o\000s\000c\000i\000l\000l\000a\000z\000i\000o\000n\000e\000\040\000a\000r\000m\000o\000n\000i\000c\000o}{chapter.2}% 50
\BOOKMARK [2][-]{subsection.2.7.1}{\376\377\000L\000e\000g\000g\000e\000\040\000d\000i\000\040\000H\000o\000o\000k}{section.2.7}% 51
\BOOKMARK [2][-]{subsection.2.7.2}{\376\377\000E\000n\000e\000r\000g\000i\000a\000\040\000p\000o\000t\000e\000n\000z\000i\000a\000l\000e}{section.2.7}% 52
\BOOKMARK [2][-]{subsection.2.7.3}{\376\377\000L\000e\000g\000g\000e\000\040\000d\000e\000l\000\040\000m\000o\000t\000o\000\040\000a\000r\000m\000o\000n\000i\000c\000o}{section.2.7}% 53
\BOOKMARK [2][-]{subsection.2.7.4}{\376\377\000V\000e\000l\000o\000c\000i\000t\000\340\000\040\000n\000e\000l\000\040\000m\000o\000t\000o\000\040\000a\000r\000m\000o\000n\000i\000c\000o}{section.2.7}% 54
\BOOKMARK [2][-]{subsection.2.7.5}{\376\377\000A\000c\000c\000e\000l\000e\000r\000a\000z\000i\000o\000n\000e\000\040\000n\000e\000l\000\040\000m\000o\000t\000o\000\040\000a\000r\000m\000o\000n\000i\000c\000o}{section.2.7}% 55
\BOOKMARK [2][-]{subsection.2.7.6}{\376\377\000E\000n\000e\000r\000g\000i\000a\000\040\000c\000i\000n\000e\000t\000i\000c\000a}{section.2.7}% 56
\BOOKMARK [2][-]{subsection.2.7.7}{\376\377\000M\000o\000t\000o\000\040\000a\000r\000m\000o\000n\000i\000c\000o\000\040\000s\000m\000o\000r\000z\000a\000t\000o}{section.2.7}% 57
\BOOKMARK [2][-]{subsection.2.7.8}{\376\377\000O\000s\000c\000i\000l\000a\000z\000i\000o\000n\000i\000\040\000f\000o\000r\000z\000a\000t\000e}{section.2.7}% 58
\BOOKMARK [2][-]{subsection.2.7.9}{\376\377\000L\000e\000g\000g\000e\000\040\000d\000e\000l\000\040\000m\000o\000t\000o\000\040\000a\000r\000m\000o\000n\000i\000c\000o\000\040\000f\000o\000r\000z\000a\000t\000o}{section.2.7}% 59
\BOOKMARK [0][-]{chapter.3}{\376\377\000P\000e\000n\000d\000o\000l\000i}{}% 60
\BOOKMARK [1][-]{section.3.1}{\376\377\000P\000e\000n\000d\000o\000l\000o\000\040\000s\000e\000m\000p\000l\000i\000c\000e}{chapter.3}% 61
\BOOKMARK [1][-]{section.3.2}{\376\377\000P\000e\000n\000d\000o\000l\000o\000\040\000d\000i\000\040\000t\000o\000r\000s\000i\000o\000n\000e}{chapter.3}% 62
\BOOKMARK [2][-]{subsection.3.2.1}{\376\377\000L\000e\000g\000g\000e\000\040\000d\000e\000l\000\040\000m\000o\000t\000o}{section.3.2}% 63
\BOOKMARK [2][-]{subsection.3.2.2}{\376\377\000O\000n\000d\000e}{section.3.2}% 64
\BOOKMARK [2][-]{subsection.3.2.3}{\376\377\000E\000q\000u\000a\000z\000i\000o\000n\000e\000\040\000d\000i\000\040\000o\000n\000d\000a\000\040\000s\000i\000n\000u\000s\000o\000i\000d\000a\000l\000e}{section.3.2}% 65
\BOOKMARK [2][-]{subsection.3.2.4}{\376\377\000P\000o\000t\000e\000n\000z\000a}{section.3.2}% 66
\BOOKMARK [2][-]{subsection.3.2.5}{\376\377\000S\000e\000r\000i\000e\000\040\000d\000i\000\040\000F\000o\000u\000r\000e\000r}{section.3.2}% 67
\BOOKMARK [2][-]{subsection.3.2.6}{\376\377\000O\000n\000d\000a\000\040\000s\000t\000a\000z\000i\000o\000n\000a\000r\000i\000a}{section.3.2}% 68
\BOOKMARK [2][-]{subsection.3.2.7}{\376\377\000F\000r\000e\000q\000u\000e\000n\000z\000e\000\040\000n\000o\000t\000i\000v\000o\000l\000i}{section.3.2}% 69
\BOOKMARK [2][-]{subsection.3.2.8}{\376\377\000O\000n\000d\000e\000\040\000s\000o\000m\000m\000a\000r\000i\000e}{section.3.2}% 70
