\BOOKMARK [0][-]{chapter.1}{\376\377\000I\000n\000t\000r\000o\000d\000u\000z\000i\000o\000n\000e}{}% 1
\BOOKMARK [1][-]{section.1.1}{\376\377\000S\000o\000m\000m\000a\000r\000i\000o}{chapter.1}% 2
\BOOKMARK [2][-]{subsection.1.1.1}{\376\377\000I\000n\000f\000o\000r\000m\000a\000z\000i\000o\000n\000e\000\040\000e\000\040\000s\000e\000g\000n\000a\000l\000i}{section.1.1}% 3
\BOOKMARK [2][-]{subsection.1.1.2}{\376\377\000I\000n\000f\000o\000r\000m\000a\000z\000i\000o\000n\000i\000\040\000a\000n\000a\000l\000o\000g\000i\000c\000h\000e\000\040\000e\000\040\000d\000i\000g\000i\000t\000a\000l\000i}{section.1.1}% 4
\BOOKMARK [2][-]{subsection.1.1.3}{\376\377\000A\000l\000c\000u\000n\000e\000\040\000o\000s\000s\000e\000r\000v\000a\000z\000i\000o\000n\000i}{section.1.1}% 5
\BOOKMARK [1][-]{section.1.2}{\376\377\000I\000\040\000s\000e\000g\000n\000a\000l\000i}{chapter.1}% 6
\BOOKMARK [2][-]{subsection.1.2.1}{\376\377\000R\000a\000p\000p\000r\000e\000s\000e\000n\000t\000a\000z\000i\000o\000n\000e\000\040\000d\000e\000l\000l\000'\000i\000n\000f\000o\000r\000m\000a\000z\000i\000o\000n\000e}{section.1.2}% 7
\BOOKMARK [2][-]{subsection.1.2.2}{\376\377\000C\000l\000a\000s\000s\000i\000f\000i\000c\000a\000z\000i\000o\000n\000e\000\040\000d\000i\000\040\000s\000e\000g\000n\000a\000l\000i}{section.1.2}% 8
\BOOKMARK [1][-]{section.1.3}{\376\377\000S\000p\000i\000e\000g\000a\000z\000i\000o\000n\000e\000\040\000s\000u\000i\000\040\000s\000e\000g\000n\000a\000l\000i}{chapter.1}% 9
\BOOKMARK [2][-]{subsection.1.3.1}{\376\377\000S\000e\000g\000n\000a\000l\000i\000\040\000a\000n\000a\000l\000o\000g\000i\000c\000i}{section.1.3}% 10
\BOOKMARK [2][-]{subsection.1.3.2}{\376\377\000S\000e\000g\000n\000a\000l\000i\000\040\000d\000i\000g\000i\000t\000a\000l\000i}{section.1.3}% 11
\BOOKMARK [2][-]{subsection.1.3.3}{\376\377\000P\000r\000e\000g\000i\000\040\000e\000\040\000d\000i\000f\000e\000t\000t\000i}{section.1.3}% 12
\BOOKMARK [1][-]{section.1.4}{\376\377\000I\000l\000\040\000s\000i\000s\000t\000e\000m\000a\000\040\000n\000u\000m\000e\000r\000i\000c\000o\000\040\000b\000i\000n\000a\000r\000i\000o}{chapter.1}% 13
\BOOKMARK [2][-]{subsection.1.4.1}{\376\377\000L\000a\000\040\000r\000a\000p\000p\000r\000e\000s\000e\000n\000t\000a\000z\000i\000o\000n\000e}{section.1.4}% 14
\BOOKMARK [2][-]{subsection.1.4.2}{\376\377\000R\000a\000p\000p\000r\000e\000s\000e\000n\000t\000a\000z\000i\000o\000n\000e\000\040\000d\000e\000l\000\040\000m\000o\000d\000u\000l\000o\000\040\000e\000\040\000d\000e\000l\000\040\000s\000e\000g\000n\000o}{section.1.4}% 15
\BOOKMARK [2][-]{subsection.1.4.3}{\376\377\000R\000a\000p\000p\000r\000e\000s\000e\000n\000t\000a\000z\000i\000o\000n\000e\000\040\000d\000i\000\040\000c\000o\000m\000p\000l\000e\000m\000e\000n\000t\000o\000\040\000a\000\040\0001}{section.1.4}% 16
\BOOKMARK [2][-]{subsection.1.4.4}{\376\377\000R\000a\000p\000p\000r\000e\000s\000e\000n\000t\000a\000z\000i\000o\000n\000e\000\040\000d\000i\000\040\000c\000o\000m\000p\000l\000e\000m\000e\000n\000t\000o\000\040\000a\000\040\0002}{section.1.4}% 17
\BOOKMARK [2][-]{subsection.1.4.5}{\376\377\000C\000o\000n\000f\000r\000o\000n\000t\000o}{section.1.4}% 18
\BOOKMARK [1][-]{section.1.5}{\376\377\000S\000i\000s\000t\000e\000m\000i\000\040\000d\000i\000\040\000c\000o\000m\000u\000n\000i\000c\000a\000z\000i\000o\000n\000e}{chapter.1}% 19
\BOOKMARK [2][-]{subsection.1.5.1}{\376\377\000T\000r\000a\000s\000m\000i\000s\000s\000i\000o\000n\000e\000\040\000e\000\040\000r\000e\000c\000e\000z\000i\000o\000n\000e}{section.1.5}% 20
\BOOKMARK [2][-]{subsection.1.5.2}{\376\377\000C\000l\000a\000s\000s\000i\000f\000i\000c\000a\000z\000i\000o\000n\000e\000\040\000d\000i\000\040\000s\000i\000s\000t\000e\000m\000i}{section.1.5}% 21
\BOOKMARK [2][-]{subsection.1.5.3}{\376\377\000R\000e\000t\000e\000\040\000d\000i\000\040\000t\000e\000l\000e\000c\000o\000m\000u\000n\000i\000c\000a\000z\000i\000o\000n\000e}{section.1.5}% 22
\BOOKMARK [2][-]{subsection.1.5.4}{\376\377\000C\000l\000a\000s\000s\000i\000f\000i\000c\000a\000z\000i\000o\000n\000e\000\040\000p\000e\000r\000\040\000s\000e\000r\000v\000i\000z\000i}{section.1.5}% 23
\BOOKMARK [2][-]{subsection.1.5.5}{\376\377\000C\000l\000a\000s\000s\000i\000f\000i\000c\000a\000z\000i\000o\000n\000e\000\040\000p\000e\000r\000\040\000m\000o\000b\000i\000l\000i\000t\000\340}{section.1.5}% 24
\BOOKMARK [2][-]{subsection.1.5.6}{\376\377\000C\000l\000a\000s\000s\000i\000f\000i\000c\000a\000z\000i\000o\000n\000e\000\040\000p\000e\000r\000\040\000e\000s\000t\000e\000n\000s\000i\000o\000n\000e}{section.1.5}% 25
\BOOKMARK [2][-]{subsection.1.5.7}{\376\377\000I\000n\000t\000e\000r\000c\000o\000n\000n\000e\000s\000s\000i\000o\000n\000e\000\040\000d\000i\000\040\000r\000e\000t\000i}{section.1.5}% 26
\BOOKMARK [2][-]{subsection.1.5.8}{\376\377\000C\000l\000a\000s\000s\000i\000f\000i\000c\000a\000z\000i\000o\000n\000e\000\040\000p\000e\000r\000\040\000p\000o\000s\000i\000z\000i\000o\000n\000e}{section.1.5}% 27
\BOOKMARK [2][-]{subsection.1.5.9}{\376\377\000S\000o\000g\000g\000e\000t\000t\000i\000\040\000i\000m\000p\000l\000i\000c\000a\000t\000i}{section.1.5}% 28
\BOOKMARK [1][-]{section.1.6}{\376\377\000R\000a\000m\000i\000\040\000e\000\040\000n\000o\000d\000i}{chapter.1}% 29
\BOOKMARK [2][-]{subsection.1.6.1}{\376\377\000D\000e\000f\000i\000n\000i\000z\000i\000o\000n\000e\000\040\000d\000i\000\040\000g\000r\000a\000f\000o}{section.1.6}% 30
\BOOKMARK [2][-]{subsection.1.6.2}{\376\377\000T\000o\000p\000o\000l\000o\000g\000i\000e}{section.1.6}% 31
\BOOKMARK [2][-]{subsection.1.6.3}{\376\377\000T\000o\000p\000o\000l\000o\000g\000i\000a\000\040\000E\000l\000e\000m\000e\000n\000t\000a\000r\000i}{section.1.6}% 32
