This is pdfTeX, Version 3.141592653-2.6-1.40.22 (TeX Live 2021/Arch Linux) (preloaded format=pdflatex 2021.10.15)  28 OCT 2021 23:20
entering extended mode
 restricted \write18 enabled.
 %&-line parsing enabled.
**"/home/nico/Documenti/GitHub/Appunti-universita/Analisi Matematica/pag/premes
se"

(/home/nico/Documenti/GitHub/Appunti-universita/Analisi Matematica/pag/premesse
.tex
LaTeX2e <2020-10-01> patch level 4
L3 programming layer <2021-02-18>
! Undefined control sequence.
l.1 \section
            {Premesse\dots}
? 
! Emergency stop.
l.1 \section
            {Premesse\dots}
End of file on the terminal!

 
Here is how much of TeX's memory you used:
 17 strings out of 478994
 678 string characters out of 5864750
 283044 words of memory out of 5000000
 17602 multiletter control sequences out of 15000+600000
 403430 words of font info for 27 fonts, out of 8000000 for 9000
 1141 hyphenation exceptions out of 8191
 13i,0n,15p,135b,10s stack positions out of 5000i,500n,10000p,200000b,80000s
!  ==> Fatal error occurred, no output PDF file produced!
