\BOOKMARK [0][-]{chapter.1}{\376\377\000I\000n\000t\000r\000o\000d\000u\000z\000i\000o\000n\000e}{}% 1
\BOOKMARK [1][-]{section.1.1}{\376\377\000P\000r\000o\000g\000r\000a\000m\000m\000a\000\040\000d\000e\000l\000\040\000c\000o\000r\000s\000o\000\040\000d\000i\000\040\000C\000h\000i\000m\000i\000c\000a}{chapter.1}% 2
\BOOKMARK [1][-]{section.1.2}{\376\377\000L\000a\000\040\000c\000h\000i\000m\000i\000c\000a}{chapter.1}% 3
\BOOKMARK [2][-]{subsection.1.2.1}{\376\377\000G\000l\000i\000\040\000s\000t\000a\000t\000i\000\040\000d\000e\000l\000l\000a\000\040\000m\000a\000t\000e\000r\000i\000a}{section.1.2}% 4
\BOOKMARK [2][-]{subsection.1.2.2}{\376\377\000P\000r\000o\000p\000r\000i\000e\000t\000\340\000\040\000f\000i\000s\000i\000c\000h\000e}{section.1.2}% 5
\BOOKMARK [2][-]{subsection.1.2.3}{\376\377\000T\000r\000a\000s\000f\000o\000r\000m\000a\000z\000i\000o\000n\000i\000\040\000f\000i\000s\000i\000c\000h\000e}{section.1.2}% 6
\BOOKMARK [2][-]{subsection.1.2.4}{\376\377\000T\000r\000a\000s\000f\000o\000r\000m\000a\000z\000i\000o\000n\000i\000\040\000c\000h\000i\000m\000i\000c\000h\000e}{section.1.2}% 7
\BOOKMARK [2][-]{subsection.1.2.5}{\376\377\000M\000i\000s\000c\000e\000l\000a}{section.1.2}% 8
\BOOKMARK [1][-]{section.1.3}{\376\377\000L\000a\000\040\000t\000a\000v\000o\000l\000a\000\040\000p\000e\000r\000i\000o\000d\000i\000c\000a}{chapter.1}% 9
\BOOKMARK [1][-]{section.1.4}{\376\377\000C\000o\000m\000p\000o\000s\000t\000i\000\040\000c\000h\000i\000m\000i\000c\000i}{chapter.1}% 10
\BOOKMARK [2][-]{subsection.1.4.1}{\376\377\000F\000o\000r\000m\000u\000l\000a}{section.1.4}% 11
\BOOKMARK [2][-]{subsection.1.4.2}{\376\377\000L\000e\000g\000g\000e\000\040\000d\000i\000\040\000c\000o\000n\000s\000e\000r\000v\000a\000z\000i\000o\000n\000e\000\040\000d\000e\000l\000l\000a\000\040\000M\000a\000s\000s\000a\000\040\000o\000\040\000l\000e\000g\000g\000e\000\040\000d\000i\000\040\000L\000a\000v\000o\000i\000s\000i\000e\000r}{section.1.4}% 12
\BOOKMARK [1][-]{section.1.5}{\376\377\000T\000e\000o\000r\000i\000e\000\040\000s\000u\000l\000l\000'\000a\000t\000o\000m\000o}{chapter.1}% 13
\BOOKMARK [2][-]{subsection.1.5.1}{\376\377\000T\000e\000o\000r\000i\000a\000\040\000a\000t\000o\000m\000i\000c\000a\000\040\000d\000i\000\040\000d\000i\000\040\000D\000a\000l\000t\000o\000n}{section.1.5}% 14
\BOOKMARK [2][-]{subsection.1.5.2}{\376\377\000M\000o\000d\000e\000l\000l\000o\000\040\000a\000t\000o\000m\000i\000c\000o\000\040\000d\000i\000\040\000T\000h\000o\000m\000s\000o\000n}{section.1.5}% 15
\BOOKMARK [2][-]{subsection.1.5.3}{\376\377\000M\000o\000d\000e\000l\000l\000o\000\040\000a\000t\000o\000m\000i\000c\000o\000\040\000d\000i\000\040\000R\000u\000t\000h\000e\000r\000f\000o\000r\000d}{section.1.5}% 16
\BOOKMARK [2][-]{subsection.1.5.4}{\376\377\000M\000o\000d\000e\000l\000l\000o\000\040\000a\000t\000o\000m\000i\000c\000o\000\040\000d\000i\000\040\000B\000o\000h\000r}{section.1.5}% 17
\BOOKMARK [1][-]{section.1.6}{\376\377\000L\000'\000a\000t\000o\000m\000o}{chapter.1}% 18
\BOOKMARK [2][-]{subsection.1.6.1}{\376\377\000C\000o\000m\000p\000o\000s\000i\000z\000i\000o\000n\000e\000\040\000a\000t\000o\000m\000i\000c\000a}{section.1.6}% 19
\BOOKMARK [2][-]{subsection.1.6.2}{\376\377\000N\000u\000m\000e\000r\000o\000\040\000a\000t\000o\000m\000i\000c\000o\000,\000\040\000Z}{section.1.6}% 20
\BOOKMARK [2][-]{subsection.1.6.3}{\376\377\000N\000u\000m\000e\000r\000o\000\040\000d\000i\000\040\000M\000a\000s\000s\000a\000,\000\040\000A}{section.1.6}% 21
\BOOKMARK [1][-]{section.1.7}{\376\377\000I\000s\000o\000t\000o\000p\000i}{chapter.1}% 22
\BOOKMARK [2][-]{subsection.1.7.1}{\376\377\000I\000s\000o\000t\000o\000p\000i\000\040\000d\000e\000l\000l\000'\000i\000d\000r\000o\000g\000e\000n\000o}{section.1.7}% 23
\BOOKMARK [2][-]{subsection.1.7.2}{\376\377\000I\000s\000o\000t\000o\000p\000i\000\040\000d\000e\000l\000\040\000c\000a\000r\000b\000o\000n\000i\000o}{section.1.7}% 24
\BOOKMARK [1][-]{section.1.8}{\376\377\000M\000a\000s\000s\000a\000\040\000a\000t\000o\000m\000i\000c\000a}{chapter.1}% 25
\BOOKMARK [1][-]{section.1.9}{\376\377\000C\000o\000m\000e\000\040\000c\000o\000n\000t\000a\000r\000e\000\040\000g\000l\000i\000\040\000a\000t\000o\000m\000i\000?}{chapter.1}% 26
\BOOKMARK [1][-]{section.1.10}{\376\377\000M\000a\000c\000r\000o\000s\000c\000o\000p\000i\000c\000o\000\040\000e\000\040\000M\000i\000c\000r\000o\000s\000c\000o\000p\000i\000c\000o}{chapter.1}% 27
\BOOKMARK [2][-]{subsection.1.10.1}{\376\377\000L\000a\000\040\000m\000o\000l\000e}{section.1.10}% 28
\BOOKMARK [0][-]{chapter.2}{\376\377\000S\000t\000e\000c\000h\000i\000o\000m\000e\000t\000r\000i\000a}{}% 29
\BOOKMARK [1][-]{section.2.1}{\376\377\000B\000i\000l\000a\000n\000c\000i\000a\000m\000e\000n\000t\000o\000\040\000d\000i\000\040\000u\000n\000'\000e\000q\000u\000a\000z\000i\000o\000n\000e\000\040\000c\000h\000i\000m\000i\000c\000a}{chapter.2}% 30
\BOOKMARK [2][-]{subsection.2.1.1}{\376\377\000M\000e\000t\000o\000d\000o\000\040\000p\000e\000r\000\040\000t\000e\000n\000t\000a\000t\000i\000v\000i\000\040\000s\000u\000c\000c\000e\000s\000s\000i\000v\000i}{section.2.1}% 31
\BOOKMARK [1][-]{section.2.2}{\376\377\000R\000e\000s\000a\000\040\000o\000\040\000r\000e\000n\000d\000i\000m\000e\000n\000t\000o\000\040\000d\000i\000\040\000u\000n\000a\000\040\000r\000e\000a\000z\000i\000o\000n\000e}{chapter.2}% 32
\BOOKMARK [0][-]{chapter.3}{\376\377\000M\000o\000d\000e\000l\000l\000i\000\040\000a\000t\000o\000m\000i\000c\000i}{}% 33
\BOOKMARK [1][-]{section.3.1}{\376\377\000T\000e\000o\000r\000i\000a\000\040\000a\000t\000o\000m\000i\000c\000a\000\040\000d\000i\000\040\000D\000a\000l\000t\000o\000n}{chapter.3}% 34
\BOOKMARK [1][-]{section.3.2}{\376\377\000E\000s\000p\000e\000r\000i\000m\000e\000n\000t\000o\000\040\000e\000\040\000m\000o\000d\000e\000l\000l\000o\000\040\000a\000t\000o\000m\000i\000c\000o\000\040\000d\000i\000\040\000R\000u\000t\000h\000e\000r\000f\000o\000r\000d}{chapter.3}% 35
\BOOKMARK [2][-]{subsection.3.2.1}{\376\377\000E\000s\000p\000e\000r\000i\000m\000e\000n\000t\000o\000\040\000d\000i\000\040\000R\000u\000t\000h\000e\000r\000f\000o\000r\000d}{section.3.2}% 36
\BOOKMARK [2][-]{subsection.3.2.2}{\376\377\000P\000u\000n\000t\000i\000\040\000c\000r\000i\000t\000i\000c\000i}{section.3.2}% 37
\BOOKMARK [1][-]{section.3.3}{\376\377\000O\000n\000d\000a}{chapter.3}% 38
\BOOKMARK [2][-]{subsection.3.3.1}{\376\377\000O\000n\000d\000e\000\040\000e\000l\000e\000t\000t\000r\000o\000m\000a\000g\000n\000e\000t\000i\000c\000h\000e}{section.3.3}% 39
\BOOKMARK [2][-]{subsection.3.3.2}{\376\377\000V\000e\000l\000o\000c\000i\000t\000\340\000\040\000d\000i\000\040\000u\000n\000a\000\040\000r\000a\000d\000i\000a\000z\000i\000o\000n\000e\000\040\000e\000l\000e\000t\000t\000r\000o\000m\000a\000g\000n\000e\000t\000i\000c\000a}{section.3.3}% 40
\BOOKMARK [2][-]{subsection.3.3.3}{\376\377\000E\000f\000f\000e\000t\000t\000o\000\040\000f\000o\000t\000o\000e\000l\000e\000t\000t\000r\000i\000c\000o}{section.3.3}% 41
\BOOKMARK [2][-]{subsection.3.3.4}{\376\377\000S\000p\000e\000t\000t\000r\000i\000\040\000d\000i\000\040\000e\000m\000i\000s\000s\000i\000o\000n\000e\000\040\000d\000i\000\040\000a\000t\000o\000m\000i}{section.3.3}% 42
\BOOKMARK [1][-]{section.3.4}{\376\377\000S\000p\000e\000t\000t\000r\000i\000\040\000A\000t\000o\000m\000i\000c\000i\000\040\000e\000\040\000T\000e\000o\000r\000i\000a\000\040\000d\000i\000\040\000B\000o\000h\000r}{chapter.3}% 43
\BOOKMARK [1][-]{section.3.5}{\376\377\000R\000e\000l\000a\000z\000i\000o\000n\000e\000\040\000d\000i\000\040\000D\000e\000\040\000B\000r\000o\000g\000l\000i\000e}{chapter.3}% 44
\BOOKMARK [2][-]{subsection.3.5.1}{\376\377\000D\000u\000a\000l\000i\000s\000m\000o\000\040\000O\000n\000d\000a\000-\000p\000a\000r\000t\000i\000c\000e\000l\000l\000a}{section.3.5}% 45
\BOOKMARK [1][-]{section.3.6}{\376\377\000P\000r\000i\000n\000c\000i\000p\000i\000o\000\040\000d\000i\000\040\000I\000n\000d\000e\000t\000e\000r\000m\000i\000n\000a\000z\000o\000n\000e\000\040\000d\000i\000\040\000H\000e\000i\000s\000e\000n\000b\000e\000r\000g}{chapter.3}% 46
\BOOKMARK [1][-]{section.3.7}{\376\377\000E\000q\000u\000a\000z\000i\000o\000n\000e\000\040\000d\000'\000o\000n\000d\000a\000\040\000\050\0001\0009\0002\0006\000\051}{chapter.3}% 47
\BOOKMARK [1][-]{section.3.8}{\376\377\000I\000\040\000n\000u\000m\000e\000r\000i\000\040\000q\000u\000a\000n\000t\000i\000c\000i}{chapter.3}% 48
\BOOKMARK [2][-]{subsection.3.8.1}{\376\377\000R\000a\000l\000a\000z\000i\000o\000n\000i\000\040\000t\000r\000a\000\040\000n\000u\000m\000e\000r\000i\000\040\000q\000u\000a\000n\000t\000i\000c\000i}{section.3.8}% 49
\BOOKMARK [2][-]{subsection.3.8.2}{\376\377\000R\000a\000p\000p\000r\000e\000s\000e\000n\000t\000a\000z\000i\000o\000n\000e\000\040\000g\000r\000a\000f\000i\000c\000a\000\040\000d\000e\000g\000l\000i\000\040\000o\000r\000b\000i\000t\000a\000l\000i\000\040\000a\000t\000o\000m\000i\000c\000i}{section.3.8}% 50
