\BOOKMARK [1][-]{section.1}{\376\377\000s\000t\000u\000d\000i\000o\000\040\000d\000i\000\040\000f\000u\000r\000n\000z\000i\000o\000n\000e}{}% 1
\BOOKMARK [2][-]{subsubsection.1.0.1}{\376\377\000D\000o\000m\000i\000n\000i\000o}{section.1}% 2
\BOOKMARK [2][-]{subsection.1.1}{\376\377\000s\000i\000m\000m\000e\000t\000r\000i\000a}{section.1}% 3
\BOOKMARK [2][-]{subsection.1.2}{\376\377\000i\000n\000t\000e\000r\000s\000e\000z\000i\000o\000n\000e\000\040\000c\000o\000n\000\040\000g\000l\000i\000\040\000a\000s\000s\000i}{section.1}% 4
\BOOKMARK [2][-]{subsection.1.3}{\376\377\000S\000e\000g\000n\000o}{section.1}% 5
\BOOKMARK [2][-]{subsection.1.4}{\376\377\000C\000o\000m\000p\000o\000r\000t\000a\000m\000e\000n\000t\000o\000\040\000a\000l\000l\000'\000e\000s\000t\000r\000e\000m\000o\000\040\000d\000e\000l\000\040\000d\000o\000m\000i\000n\000i\000o}{section.1}% 6
\BOOKMARK [2][-]{subsection.1.5}{\376\377\000D\000e\000r\000i\000v\000a\000t\000a\000\040\000p\000r\000i\000m\000a}{section.1}% 7
\BOOKMARK [2][-]{subsection.1.6}{\376\377\000e\000s\000.\0002}{section.1}% 8
\BOOKMARK [2][-]{subsection.1.7}{\376\377\000e\000s\000.\0004}{section.1}% 9
\BOOKMARK [1][-]{section.2}{\376\377\000e\000s\000.\0003}{}% 10
\BOOKMARK [1][-]{section.3}{\376\377\000t\000e\000o\000r\000e\000m\000a\000\040\000d\000i\000\040\000R\000o\000l\000l}{}% 11
\BOOKMARK [2][-]{subsection.3.1}{\376\377\000e\000s\000.\0002}{section.3}% 12
\BOOKMARK [1][-]{section.4}{\376\377\000T\000e\000o\000r\000e\000m\000a\000\040\000d\000i\000\040\000L\000a\000g\000r\000a\000n\000g\000e}{}% 13
\BOOKMARK [2][-]{subsection.4.1}{\376\377\000e\000s\000.\0002}{section.4}% 14
\BOOKMARK [1][-]{section.5}{\376\377\000E\000q\000u\000a\000z\000i\000o\000n\000e\000\040\000d\000i\000f\000f\000e\000r\000e\000n\000z\000i\000a\000l\000i}{}% 15
\BOOKMARK [1][-]{section.6}{\376\377\000i\000n\000t\000e\000g\000r\000a\000l\000i\000\040\000d\000i\000\040\000s\000e\000c\000o\000n\000d\000o\000\040\000t\000i\000p\000o}{}% 16
\BOOKMARK [1][-]{section.7}{\376\377\000i\000n\000t\000e\000g\000r\000a\000l\000i}{}% 17
\BOOKMARK [2][-]{subsubsection.7.0.1}{\376\377\000e\000s\000.\0002}{section.7}% 18
\BOOKMARK [3][-]{subsubsection.7.0.2}{\376\377\000e\000s\000.\0003}{subsubsection.7.0.1}% 19
\BOOKMARK [3][-]{subsubsection.7.0.3}{\376\377\000e\000s\000.\000\040\0004}{subsubsection.7.0.1}% 20
\BOOKMARK [2][-]{subsection.7.1}{\376\377\000d\000i\000f\000f\000e\000r\000e\000n\000z\000i\000a\000l\000i}{section.7}% 21
\BOOKMARK [3][-]{subsubsection.7.1.1}{\376\377\000e\000s\000.\0002}{subsection.7.1}% 22
\BOOKMARK [2][-]{subsection.7.2}{\376\377\000e\000s\000.\0003}{section.7}% 23
\BOOKMARK [2][-]{subsection.7.3}{\376\377\000e\000s\000.\0004}{section.7}% 24
\BOOKMARK [2][-]{subsection.7.4}{\376\377\000e\000s\000.\0005}{section.7}% 25
\BOOKMARK [3][-]{subsubsection.7.4.1}{\376\377\000e\000s\000.\0006}{subsection.7.4}% 26
