This is pdfTeX, Version 3.141592653-2.6-1.40.22 (TeX Live 2021/Arch Linux) (preloaded format=pdflatex 2021.11.26)  15 DEC 2021 12:21
entering extended mode
 restricted \write18 enabled.
 %&-line parsing enabled.
**/home/nico/Documenti/GitHub/Appunti-universita/Fisica/pag/fisica
(/usr/share/texmf-dist/tex/latex/tools/x.tex
! Interruption.
<to be read again> 
                   \begingroup 
l.1 
    %%
? x
 
Here is how much of TeX's memory you used:
 8 strings out of 478994
 349 string characters out of 5864750
 283044 words of memory out of 5000000
 17591 multiletter control sequences out of 15000+600000
 403430 words of font info for 27 fonts, out of 8000000 for 9000
 1141 hyphenation exceptions out of 8191
 3i,0n,1p,71b,6s stack positions out of 5000i,500n,10000p,200000b,80000s
No pages of output.
PDF statistics:
 0 PDF objects out of 1000 (max. 8388607)
 0 named destinations out of 1000 (max. 500000)
 1 words of extra memory for PDF output out of 10000 (max. 10000000)

