\BOOKMARK [0][-]{chapter.1}{\376\377\000I\000n\000t\000r\000o\000d\000u\000z\000i\000o\000n\000e}{}% 1
\BOOKMARK [1][-]{section.1.1}{\376\377\000G\000l\000i\000\040\000s\000t\000a\000t\000i\000\040\000d\000e\000l\000l\000a\000\040\000m\000a\000t\000e\000r\000i\000a}{chapter.1}% 2
\BOOKMARK [1][-]{section.1.2}{\376\377\000P\000r\000o\000p\000r\000i\000e\000t\000\340\000\040\000f\000i\000s\000i\000c\000h\000e}{chapter.1}% 3
\BOOKMARK [1][-]{section.1.3}{\376\377\000T\000r\000a\000s\000f\000o\000r\000m\000a\000z\000i\000o\000n\000i\000\040\000d\000e\000l\000l\000a\000\040\000m\000a\000t\000e\000r\000i\000a}{chapter.1}% 4
\BOOKMARK [2][-]{subsection.1.3.1}{\376\377\000T\000r\000a\000s\000f\000o\000r\000m\000a\000z\000i\000o\000n\000i\000\040\000F\000i\000s\000i\000c\000h\000e}{section.1.3}% 5
\BOOKMARK [2][-]{subsection.1.3.2}{\376\377\000T\000r\000a\000s\000f\000o\000r\000m\000a\000z\000i\000o\000n\000i\000\040\000C\000h\000i\000m\000i\000c\000h\000e}{section.1.3}% 6
\BOOKMARK [1][-]{section.1.4}{\376\377\000S\000o\000s\000t\000a\000n\000z\000a\000\040\000p\000u\000r\000e}{chapter.1}% 7
\BOOKMARK [1][-]{section.1.5}{\376\377\000M\000i\000s\000c\000e\000l\000a}{chapter.1}% 8
\BOOKMARK [0][-]{chapter.2}{\376\377\000S\000t\000e\000c\000h\000i\000o\000m\000e\000t\000r\000i\000a}{}% 9
\BOOKMARK [1][-]{section.2.1}{\376\377\000B\000i\000l\000a\000n\000c\000i\000a\000m\000e\000n\000t\000o\000\040\000d\000i\000\040\000u\000n\000'\000e\000q\000u\000a\000z\000i\000o\000n\000e\000\040\000c\000h\000i\000m\000i\000c\000a}{chapter.2}% 10
\BOOKMARK [1][-]{section.2.2}{\376\377\000R\000e\000s\000a\000\040\000o\000\040\000r\000e\000n\000d\000i\000m\000e\000n\000t\000o\000\040\000d\000i\000\040\000u\000n\000a\000\040\000r\000e\000a\000z\000i\000o\000n\000e}{chapter.2}% 11
\BOOKMARK [0][-]{chapter.3}{\376\377\000M\000o\000d\000e\000l\000l\000i\000\040\000a\000t\000o\000m\000i\000c\000i}{}% 12
\BOOKMARK [1][-]{section.3.1}{\376\377\000T\000e\000o\000r\000i\000a\000\040\000a\000t\000o\000m\000i\000c\000a\000\040\000d\000i\000\040\000D\000a\000l\000t\000o\000n}{chapter.3}% 13
\BOOKMARK [1][-]{section.3.2}{\376\377\000M\000o\000d\000e\000l\000l\000o\000\040\000a\000t\000o\000m\000i\000c\000o\000\040\000d\000i\000\040\000T\000h\000o\000m\000s\000o\000n}{chapter.3}% 14
\BOOKMARK [2][-]{subsection.3.2.1}{\376\377\000B\000a\000s\000i\000\040\000s\000p\000e\000r\000i\000m\000e\000n\000t\000a\000l\000i\000:}{section.3.2}% 15
\BOOKMARK [2][-]{subsection.3.2.2}{\376\377\000E\000s\000p\000e\000r\000i\000m\000e\000n\000t\000o\000\040\000d\000i\000\040\000T\000h\000o\000m\000s\000o\000n}{section.3.2}% 16
\BOOKMARK [2][-]{subsection.3.2.3}{\376\377\000M\000o\000d\000e\000l\000l\000o\000\040\000a\000t\000o\000m\000i\000t\000c\000o\000\040\000d\000i\000\040\000T\000h\000o\000m\000s\000o\000n}{section.3.2}% 17
\BOOKMARK [1][-]{section.3.3}{\376\377\000E\000s\000p\000e\000r\000i\000m\000e\000n\000t\000o\000\040\000d\000i\000\040\000R\000u\000t\000h\000e\000r\000f\000o\000r\000d}{chapter.3}% 18
\BOOKMARK [2][-]{subsection.3.3.1}{\376\377\000p\000u\000n\000t\000i\000\040\000c\000r\000i\000t\000i\000c\000i}{section.3.3}% 19
\BOOKMARK [2][-]{subsection.3.3.2}{\376\377\000O\000n\000d\000a}{section.3.3}% 20
\BOOKMARK [2][-]{subsection.3.3.3}{\376\377\000O\000n\000d\000e\000\040\000E\000l\000e\000t\000t\000r\000o\000m\000a\000g\000n\000e\000t\000i\000c\000h\000e}{section.3.3}% 21
\BOOKMARK [0][-]{chapter.4}{\376\377\000P\000r\000o\000p\000r\000i\000e\000t\000\340\000\040\000p\000e\000r\000i\000o\000d\000i\000c\000h\000e}{}% 22
\BOOKMARK [0][-]{chapter.5}{\376\377\000S\000o\000l\000u\000z\000i\000o\000n\000i}{}% 23
\BOOKMARK [0][-]{chapter.6}{\376\377\000L\000e\000g\000a\000m\000e\000\040\000c\000h\000i\000m\000i\000c\000o}{}% 24
\BOOKMARK [1][-]{section.6.1}{\376\377\000I\000n\000t\000r\000o\000d\000u\000z\000i\000o\000n\000e}{chapter.6}% 25
\BOOKMARK [2][-]{subsection.6.1.1}{\376\377\000T\000e\000o\000r\000e\000m\000a\000\040\000d\000i\000\040\000L\000e\000w\000i\000s}{section.6.1}% 26
\BOOKMARK [2][-]{subsection.6.1.2}{\376\377\000S\000t\000r\000u\000t\000t\000u\000r\000a\000\040\000d\000i\000\040\000L\000e\000w\000i\000s}{section.6.1}% 27
\BOOKMARK [2][-]{subsection.6.1.3}{\376\377\000E\000l\000e\000t\000t\000r\000o\000n\000e\000g\000a\000t\000i\000v\000i\000t\000\340\000\040\000x}{section.6.1}% 28
\BOOKMARK [2][-]{subsection.6.1.4}{\376\377\000E\000l\000e\000t\000t\000r\000o\000n\000e\000g\000a\000t\000i\000v\000i\000t\000\340\000\040\000d\000i\000\040\000P\000a\000u\000l\000i\000n\000g}{section.6.1}% 29
\BOOKMARK [2][-]{subsection.6.1.5}{\376\377\000M\000o\000m\000e\000n\000t\000o\000\040\000d\000i\000p\000o\000l\000a\000r\000e\000\040\000e\000\040\000p\000o\000l\000a\000r\000i\000t\000\340\000\040\000M\000o\000l\000e\000c\000o\000l\000e\000\040\000b\000i\000a\000t\000o\000m\000i\000c\000h\000e}{section.6.1}% 30
\BOOKMARK [1][-]{section.6.2}{\376\377\000M\000o\000m\000e\000n\000t\000o\000\040\000d\000i\000p\000o\000l\000a\000r\000e}{chapter.6}% 31
\BOOKMARK [2][-]{subsection.6.2.1}{\376\377\000M\000o\000m\000e\000n\000t\000o\000\040\000d\000i\000p\000o\000l\000a\000r\000e\000\040\000e\000\040\000p\000o\000l\000a\000r\000i\000t\000\340\000\040\000i\000n\000\040\000C\000O\0002\000\040\000e\000\040\000H\0002\000O}{section.6.2}% 32
