\BOOKMARK [1][-]{section.0.1}{Premesse\203}{}% 1
\BOOKMARK [1][-]{section.0.2}{Simboli}{}% 2
\BOOKMARK [0][-]{chapter.1}{Introduzione}{}% 3
\BOOKMARK [1][-]{section.1.1}{tipologia in R}{chapter.1}% 4
\BOOKMARK [2][-]{subsection.1.1.1}{Distanza}{section.1.1}% 5
\BOOKMARK [1][-]{section.1.2}{Intorno}{chapter.1}% 6
\BOOKMARK [2][-]{subsection.1.2.1}{Insieme chiuso}{section.1.2}% 7
\BOOKMARK [2][-]{subsection.1.2.2}{Insieme connesso}{section.1.2}% 8
\BOOKMARK [2][-]{subsection.1.2.3}{Insieme convesso}{section.1.2}% 9
\BOOKMARK [2][-]{subsection.1.2.4}{Coordinate Polari}{section.1.2}% 10
\BOOKMARK [2][-]{subsection.1.2.5}{Limiti e continuit\340}{section.1.2}% 11
\BOOKMARK [2][-]{subsection.1.2.6}{Continuit\340}{section.1.2}% 12
\BOOKMARK [2][-]{subsection.1.2.7}{Esistenza del limite}{section.1.2}% 13
\BOOKMARK [2][-]{subsection.1.2.8}{Teorema di esistenza dei valori intermedi}{section.1.2}% 14
\BOOKMARK [2][-]{subsection.1.2.9}{Teorema di Weierstrass}{section.1.2}% 15
\BOOKMARK [0][-]{chapter.2}{Derivate Parziali}{}% 16
\BOOKMARK [1][-]{section.2.1}{Derivate parziali di primo grado}{chapter.2}% 17
\BOOKMARK [2][-]{subsection.2.1.1}{Significato geometrico}{section.2.1}% 18
\BOOKMARK [1][-]{section.2.2}{Derivata parziale seconde}{chapter.2}% 19
\BOOKMARK [2][-]{subsection.2.2.1}{Teorema di Schwarz \(Dell'invertibilit\340 dell'ordine di derivazione\)}{section.2.2}% 20
\BOOKMARK [1][-]{section.2.3}{Massimi e minimi relativi}{chapter.2}% 21
\BOOKMARK [2][-]{subsection.2.3.1}{Teorema di Fermat}{section.2.3}% 22
\BOOKMARK [2][-]{subsection.2.3.2}{Differenziabilit\340}{section.2.3}% 23
\BOOKMARK [2][-]{subsection.2.3.3}{Tutte le funzioni differenziali sono continue}{section.2.3}% 24
\BOOKMARK [2][-]{subsection.2.3.4}{Tutte le funzioni differenziali sono derivabili}{section.2.3}% 25
\BOOKMARK [2][-]{subsection.2.3.5}{Le funzioni con derivate parziali continue sono diferenziabili}{section.2.3}% 26
\BOOKMARK [1][-]{section.2.4}{Significato geometrico del differenziale e piano tengente}{chapter.2}% 27
\BOOKMARK [2][-]{subsection.2.4.1}{Differenziale primo}{section.2.4}% 28
\BOOKMARK [2][-]{subsection.2.4.2}{Piano Tangente}{section.2.4}% 29
\BOOKMARK [2][-]{subsection.2.4.3}{Significato geometrico del differenziale primo}{section.2.4}% 30
\BOOKMARK [2][-]{subsection.2.4.4}{Funzioni composite}{section.2.4}% 31
\BOOKMARK [2][-]{subsection.2.4.5}{Funzione composta}{section.2.4}% 32
